<?xml version="1.0" encoding="UTF-8"?>
<!-- Generated by org.testng.reporters.JUnitReportReporter -->
<testsuite skipped="0" hostname="RahulKaelsMini2" name="com.torenzo.qa.testcases.CombineTwoOrdersTest" tests="1" failures="0" timestamp="20 Nov 2018 08:29:12 GMT" time="32.983" errors="0">
  <testcase name="createOrderAndtabOnCombine" time="32.983" classname="com.torenzo.qa.testcases.CombineTwoOrdersTest"/>
</testsuite> <!-- com.torenzo.qa.testcases.CombineTwoOrdersTest -->
