<?xml version="1.0" encoding="UTF-8"?>
<!-- Generated by org.testng.reporters.JUnitReportReporter -->
<testsuite hostname="Torenzo" name="com.torenzo.qa.pomtest.HomePageTest" tests="1" failures="0" timestamp="25 Oct 2019 12:26:30 GMT" time="61.371" errors="0">
  <testcase name="verfiyHomePageTest" time="61.371" classname="com.torenzo.qa.pomtest.HomePageTest"/>
</testsuite> <!-- com.torenzo.qa.pomtest.HomePageTest -->
