<?xml version="1.0" encoding="UTF-8"?>
<!-- Generated by org.testng.reporters.JUnitReportReporter -->
<testsuite skipped="0" hostname="RahulKaelsMini2" name="com.torenzo.qa.testcases.TblStrFrmTransactionWindowTest" tests="4" failures="0" timestamp="23 Oct 2018 12:14:17 GMT" time="516.133" errors="0">
  <testcase name="loginApp" time="40.121" classname="com.torenzo.qa.testcases.TblStrFrmTransactionWindowTest"/>
  <testcase name="clickOnCreateNewOrder" time="82.391" classname="com.torenzo.qa.testcases.TblStrFrmTransactionWindowTest"/>
  <testcase name="selectEmptyTable" time="320.340" classname="com.torenzo.qa.testcases.TblStrFrmTransactionWindowTest"/>
  <testcase name="getPaymentDone" time="73.281" classname="com.torenzo.qa.testcases.TblStrFrmTransactionWindowTest"/>
</testsuite> <!-- com.torenzo.qa.testcases.TblStrFrmTransactionWindowTest -->
