<?xml version="1.0" encoding="UTF-8"?>
<!-- Generated by org.testng.reporters.JUnitReportReporter -->
<testsuite skipped="0" hostname="RahulKaelsMini2" name="com.torenzo.qa.testcases.LoginPageTest" tests="3" failures="0" timestamp="11 Oct 2018 05:23:11 GMT" time="48.763" errors="0">
  <testcase name="loginApp" time="20.183" classname="com.torenzo.qa.testcases.LoginPageTest"/>
  <testcase name="verifyTitleOfLogin" time="20.929" classname="com.torenzo.qa.testcases.LoginPageTest"/>
  <testcase name="verifyPermissionPopup" time="7.651" classname="com.torenzo.qa.testcases.LoginPageTest"/>
</testsuite> <!-- com.torenzo.qa.testcases.LoginPageTest -->
