<?xml version="1.0" encoding="UTF-8"?>
<!-- Generated by org.testng.reporters.JUnitReportReporter -->
<testsuite skipped="0" hostname="namet5" name="com.torenzo.qa.testcases.OrderPageTest" tests="3" failures="0" timestamp="22 Nov 2018 08:56:34 GMT" time="254.035" errors="0">
  <testcase name="loginApp" time="34.059" classname="com.torenzo.qa.testcases.OrderPageTest"/>
  <testcase name="clickOnCreateNewOrder" time="9.412" classname="com.torenzo.qa.testcases.OrderPageTest"/>
  <testcase name="addItemToOrder" time="210.564" classname="com.torenzo.qa.testcases.OrderPageTest"/>
</testsuite> <!-- com.torenzo.qa.testcases.OrderPageTest -->
