<?xml version="1.0" encoding="UTF-8"?>
<!-- Generated by org.testng.reporters.JUnitReportReporter -->
<testsuite skipped="2" hostname="RahulKaelsMini2" name="com.torenzo.qa.testcases.OrderTakeOutTest" tests="2" failures="0" timestamp="21 Feb 2019 12:49:05 GMT" time="0.000" errors="0">
  <testcase name="Allitem" time="0.000" classname="com.torenzo.qa.testcases.OrderTakeOutTest">
    <skipped/>
  </testcase> <!-- Allitem -->
  <testcase name="Payment" time="0.000" classname="com.torenzo.qa.testcases.OrderTakeOutTest">
    <skipped/>
  </testcase> <!-- Payment -->
</testsuite> <!-- com.torenzo.qa.testcases.OrderTakeOutTest -->
