<?xml version="1.0" encoding="UTF-8"?>
<!-- Generated by org.testng.reporters.JUnitReportReporter -->
<testsuite skipped="0" hostname="RahulKaelsMini2" name="com.torenzo.qa.testcases.SplitReceiptMultipleOptionsTest" tests="2" failures="0" timestamp="26 Nov 2018 07:14:27 GMT" time="454.700" errors="0">
  <testcase name="TakeoutOrder" time="178.443" classname="com.torenzo.qa.testcases.SplitReceiptMultipleOptionsTest"/>
  <testcase name="payment" time="276.257" classname="com.torenzo.qa.testcases.SplitReceiptMultipleOptionsTest"/>
</testsuite> <!-- com.torenzo.qa.testcases.SplitReceiptMultipleOptionsTest -->
