<?xml version="1.0" encoding="UTF-8"?>
<!-- Generated by org.testng.reporters.JUnitReportReporter -->
<testsuite hostname="namet5" name="com.torenzo.qa.pomtest.LoginPageTest" tests="7" failures="0" timestamp="24 Oct 2019 10:45:52 GMT" time="100.328" errors="0">
  <testcase name="loginVerifyTestInvalidData4" time="10.311" classname="com.torenzo.qa.pomtest.LoginPageTest"/>
  <testcase name="loginVerifyTest" time="19.209" classname="com.torenzo.qa.pomtest.LoginPageTest"/>
  <testcase name="loginVerifyTestInvalidData1" time="11.083" classname="com.torenzo.qa.pomtest.LoginPageTest"/>
  <testcase name="loginVerifyTestInvalidData2" time="12.926" classname="com.torenzo.qa.pomtest.LoginPageTest"/>
  <testcase name="loginVerifyTestInvalidData3" time="8.278" classname="com.torenzo.qa.pomtest.LoginPageTest"/>
  <testcase name="VerifyDemoUrlAndCancelClick" time="28.556" classname="com.torenzo.qa.pomtest.LoginPageTest"/>
  <testcase name="cancelVerifyTest" time="9.965" classname="com.torenzo.qa.pomtest.LoginPageTest"/>
</testsuite> <!-- com.torenzo.qa.pomtest.LoginPageTest -->
