<?xml version="1.0" encoding="UTF-8"?>
<!-- Generated by org.testng.reporters.JUnitReportReporter -->
<<<<<<< Updated upstream
<testsuite hostname="Torenzo" name="com.torenzo.qa.pomtest.PaymentPageTest" tests="3" failures="0" timestamp="1 Nov 2019 11:52:09 GMT" time="140.545" errors="0">
  <testcase name="verfiyHomePageTest" time="35.122" classname="com.torenzo.qa.pomtest.PaymentPageTest"/>
  <testcase name="verifyPaymentTest" time="17.950" classname="com.torenzo.qa.pomtest.PaymentPageTest"/>
  <testcase name="paymentPageTest" time="87.473" classname="com.torenzo.qa.pomtest.PaymentPageTest"/>
=======
<testsuite hostname="namet5" name="com.torenzo.qa.pomtest.PaymentPageTest" tests="3" failures="0" timestamp="2 Nov 2019 11:02:21 GMT" time="139.929" errors="0">
  <testcase name="paymentPageTest" time="91.199" classname="com.torenzo.qa.pomtest.PaymentPageTest"/>
  <testcase name="verifyPaymentTest" time="17.313" classname="com.torenzo.qa.pomtest.PaymentPageTest"/>
  <testcase name="verfiyHomePageTest" time="31.417" classname="com.torenzo.qa.pomtest.PaymentPageTest"/>
>>>>>>> Stashed changes
</testsuite> <!-- com.torenzo.qa.pomtest.PaymentPageTest -->
