<?xml version="1.0" encoding="UTF-8"?>
<!-- Generated by org.testng.reporters.JUnitReportReporter -->
<testsuite hostname="Torenzo" name="com.torenzo.qa.pomtest.OrderPageTest" tests="2" failures="0" timestamp="30 Oct 2019 06:50:21 GMT" time="128.489" errors="0">
  <testcase name="addItemToOrder" time="91.264" classname="com.torenzo.qa.pomtest.OrderPageTest"/>
  <testcase name="verfiyHomePageTest" time="37.225" classname="com.torenzo.qa.pomtest.OrderPageTest"/>
</testsuite> <!-- com.torenzo.qa.pomtest.OrderPageTest -->
