<?xml version="1.0" encoding="UTF-8"?>
<!-- Generated by org.testng.reporters.JUnitReportReporter -->
<testsuite skipped="0" hostname="RahulKaelsMini2" name="com.torenzo.qa.testcases.CombineWithSingleGroupTest" tests="7" failures="0" timestamp="20 Nov 2018 07:01:42 GMT" time="608.258" errors="0">
  <testcase name="createOrderAndtabOnCombine" time="282.713" classname="com.torenzo.qa.testcases.CombineWithSingleGroupTest"/>
  <testcase name="searchOrder" time="144.058" classname="com.torenzo.qa.testcases.CombineWithSingleGroupTest"/>
  <testcase name="createGroup" time="25.325" classname="com.torenzo.qa.testcases.CombineWithSingleGroupTest"/>
  <testcase name="moveGuestToGroup" time="73.184" classname="com.torenzo.qa.testcases.CombineWithSingleGroupTest"/>
  <testcase name="createTask" time="9.659" classname="com.torenzo.qa.testcases.CombineWithSingleGroupTest"/>
  <testcase name="selectTaskFromList" time="7.236" classname="com.torenzo.qa.testcases.CombineWithSingleGroupTest"/>
  <testcase name="payment" time="66.083" classname="com.torenzo.qa.testcases.CombineWithSingleGroupTest"/>
</testsuite> <!-- com.torenzo.qa.testcases.CombineWithSingleGroupTest -->
