<?xml version="1.0" encoding="UTF-8"?>
<!-- Generated by org.testng.reporters.JUnitReportReporter -->
<<<<<<< Updated upstream
<testsuite skipped="3" hostname="namet5" name="com.torenzo.qa.testcases.OrderCreateAndPayThroughSeated" tests="4" failures="0" timestamp="02 Nov 2018 04:41:32 GMT" time="42.748" errors="1">
  <testcase name="login" time="42.748" classname="com.torenzo.qa.testcases.OrderCreateAndPayThroughSeated">
    <error type="org.openqa.selenium.NoSuchElementException" message="An element could not be located on the page using the given search parameters. (WARNING: The server did not provide any stacktrace information)
Command duration or timeout: 20.55 seconds
For documentation on this error, please visit: http://seleniumhq.org/exceptions/no_such_element.html
Build info: version: &#039;3.3.1&#039;, revision: &#039;5234b325d5&#039;, time: &#039;2017-03-10 09:10:29 +0000&#039;
System info: host: &#039;NAMET5&#039;, ip: &#039;192.168.56.1&#039;, os.name: &#039;Windows 7&#039;, os.arch: &#039;amd64&#039;, os.version: &#039;6.1&#039;, java.version: &#039;1.8.0_171&#039;
Driver info: io.appium.java_client.android.AndroidDriver
Capabilities [{appPackage=com.torenzo.torenzocafe, networkConnectionEnabled=true, warnings={}, databaseEnabled=false, deviceName=192.168.208.101:5555, platform=LINUX, appActivity=com.torenzo.torenzopos.StartScreenActivity, desired={appPackage=com.torenzo.torenzocafe, appActivity=com.torenzo.torenzopos.StartScreenActivity, newCommandTimeout=150, platformVersion=6.0, platformName=Android, udid=192.168.208.101:5555, deviceName=Honor}, newCommandTimeout=150, platformVersion=6.0, webStorageEnabled=false, locationContextEnabled=false, browserName=Android, takesScreenshot=true, javascriptEnabled=true, platformName=Android, udid=192.168.208.101:5555}]
Session ID: ebd86a67-4624-4d16-ad4f-d06910f72593
*** Element info: {Using=id, value=clock_in}">
      <![CDATA[org.openqa.selenium.NoSuchElementException: An element could not be located on the page using the given search parameters. (WARNING: The server did not provide any stacktrace information)
Command duration or timeout: 20.55 seconds
For documentation on this error, please visit: http://seleniumhq.org/exceptions/no_such_element.html
Build info: version: '3.3.1', revision: '5234b325d5', time: '2017-03-10 09:10:29 +0000'
System info: host: 'NAMET5', ip: '192.168.56.1', os.name: 'Windows 7', os.arch: 'amd64', os.version: '6.1', java.version: '1.8.0_171'
Driver info: io.appium.java_client.android.AndroidDriver
Capabilities [{appPackage=com.torenzo.torenzocafe, networkConnectionEnabled=true, warnings={}, databaseEnabled=false, deviceName=192.168.208.101:5555, platform=LINUX, appActivity=com.torenzo.torenzopos.StartScreenActivity, desired={appPackage=com.torenzo.torenzocafe, appActivity=com.torenzo.torenzopos.StartScreenActivity, newCommandTimeout=150, platformVersion=6.0, platformName=Android, udid=192.168.208.101:5555, deviceName=Honor}, newCommandTimeout=150, platformVersion=6.0, webStorageEnabled=false, locationContextEnabled=false, browserName=Android, takesScreenshot=true, javascriptEnabled=true, platformName=Android, udid=192.168.208.101:5555}]
Session ID: ebd86a67-4624-4d16-ad4f-d06910f72593
*** Element info: {Using=id, value=clock_in}
at sun.reflect.NativeConstructorAccessorImpl.newInstance0(Native Method)
at sun.reflect.NativeConstructorAccessorImpl.newInstance(Unknown Source)
at sun.reflect.DelegatingConstructorAccessorImpl.newInstance(Unknown Source)
at java.lang.reflect.Constructor.newInstance(Unknown Source)
=======
<testsuite skipped="0" hostname="RahulKaelsMini2" name="com.torenzo.qa.testcases.OrderCreateAndPayThroughSeated" tests="3" failures="0" timestamp="02 Nov 2018 09:36:48 GMT" time="248.806" errors="3">
  <testcase name="orderWithTable" time="61.298" classname="com.torenzo.qa.testcases.OrderCreateAndPayThroughSeated">
    <error type="org.openqa.selenium.NoSuchElementException" message="An element could not be located on the page using the given search parameters. (WARNING: The server did not provide any stacktrace information)
Command duration or timeout: 30.47 seconds
For documentation on this error, please visit: http://seleniumhq.org/exceptions/no_such_element.html
Build info: version: &#039;3.3.1&#039;, revision: &#039;5234b325d5&#039;, time: &#039;2017-03-10 09:10:29 +0000&#039;
System info: host: &#039;RahulKaelsMini2&#039;, ip: &#039;192.168.1.32&#039;, os.name: &#039;Mac OS X&#039;, os.arch: &#039;x86_64&#039;, os.version: &#039;10.11.6&#039;, java.version: &#039;1.8.0_162&#039;
Driver info: io.appium.java_client.android.AndroidDriver
Capabilities [{appPackage=com.torenzo.torenzocafe, app=/Users/rahul.kardel/Downloads/140apkfromsgr.apk, networkConnectionEnabled=true, dontStopAppOnReset=true, warnings={}, databaseEnabled=false, deviceName=192.168.56.101:5555, deviceReadyTimeout=80, platform=LINUX, deviceUDID=192.168.56.101:5555, appActivity=com.torenzo.torenzopos.StartScreenActivity, desired={appPackage=com.torenzo.torenzocafe, appActivity=com.torenzo.torenzopos.StartScreenActivity, app=/Users/rahul.kardel/Downloads/140apkfromsgr.apk, dontStopAppOnReset=true, newCommandTimeout=150, platformVersion=6.0, automationName=Appium, platformName=Android, udid=192.168.56.101:5555, deviceName=Honor, deviceReadyTimeout=80}, newCommandTimeout=150, platformVersion=6.0, webStorageEnabled=false, locationContextEnabled=false, automationName=Appium, takesScreenshot=true, javascriptEnabled=true, platformName=Android, udid=192.168.56.101:5555}]
Session ID: a3cdb647-8c09-4cee-8943-195cc002f3c6
*** Element info: {Using=id, value=admin_settings}">
      <![CDATA[org.openqa.selenium.NoSuchElementException: An element could not be located on the page using the given search parameters. (WARNING: The server did not provide any stacktrace information)
Command duration or timeout: 30.47 seconds
For documentation on this error, please visit: http://seleniumhq.org/exceptions/no_such_element.html
Build info: version: '3.3.1', revision: '5234b325d5', time: '2017-03-10 09:10:29 +0000'
System info: host: 'RahulKaelsMini2', ip: '192.168.1.32', os.name: 'Mac OS X', os.arch: 'x86_64', os.version: '10.11.6', java.version: '1.8.0_162'
Driver info: io.appium.java_client.android.AndroidDriver
Capabilities [{appPackage=com.torenzo.torenzocafe, app=/Users/rahul.kardel/Downloads/140apkfromsgr.apk, networkConnectionEnabled=true, dontStopAppOnReset=true, warnings={}, databaseEnabled=false, deviceName=192.168.56.101:5555, deviceReadyTimeout=80, platform=LINUX, deviceUDID=192.168.56.101:5555, appActivity=com.torenzo.torenzopos.StartScreenActivity, desired={appPackage=com.torenzo.torenzocafe, appActivity=com.torenzo.torenzopos.StartScreenActivity, app=/Users/rahul.kardel/Downloads/140apkfromsgr.apk, dontStopAppOnReset=true, newCommandTimeout=150, platformVersion=6.0, automationName=Appium, platformName=Android, udid=192.168.56.101:5555, deviceName=Honor, deviceReadyTimeout=80}, newCommandTimeout=150, platformVersion=6.0, webStorageEnabled=false, locationContextEnabled=false, automationName=Appium, takesScreenshot=true, javascriptEnabled=true, platformName=Android, udid=192.168.56.101:5555}]
Session ID: a3cdb647-8c09-4cee-8943-195cc002f3c6
*** Element info: {Using=id, value=admin_settings}
at sun.reflect.GeneratedConstructorAccessor15.newInstance(Unknown Source)
at sun.reflect.DelegatingConstructorAccessorImpl.newInstance(DelegatingConstructorAccessorImpl.java:45)
at java.lang.reflect.Constructor.newInstance(Constructor.java:423)
>>>>>>> Stashed changes
at org.openqa.selenium.remote.ErrorHandler.createThrowable(ErrorHandler.java:216)
at org.openqa.selenium.remote.ErrorHandler.throwIfResponseFailed(ErrorHandler.java:168)
at org.openqa.selenium.remote.RemoteWebDriver.execute(RemoteWebDriver.java:638)
at io.appium.java_client.DefaultGenericMobileDriver.execute(DefaultGenericMobileDriver.java:42)
at io.appium.java_client.AppiumDriver.execute(AppiumDriver.java:1)
at io.appium.java_client.android.AndroidDriver.execute(AndroidDriver.java:1)
at org.openqa.selenium.remote.RemoteWebDriver.findElement(RemoteWebDriver.java:371)
at io.appium.java_client.DefaultGenericMobileDriver.findElement(DefaultGenericMobileDriver.java:62)
at io.appium.java_client.AppiumDriver.findElement(AppiumDriver.java:1)
at io.appium.java_client.android.AndroidDriver.findElement(AndroidDriver.java:1)
at org.openqa.selenium.remote.RemoteWebDriver.findElementById(RemoteWebDriver.java:420)
at io.appium.java_client.DefaultGenericMobileDriver.findElementById(DefaultGenericMobileDriver.java:70)
at io.appium.java_client.AppiumDriver.findElementById(AppiumDriver.java:1)
at io.appium.java_client.android.AndroidDriver.findElementById(AndroidDriver.java:1)
at org.openqa.selenium.By$ById.findElement(By.java:218)
at org.openqa.selenium.remote.RemoteWebDriver.findElement(RemoteWebDriver.java:363)
at io.appium.java_client.DefaultGenericMobileDriver.findElement(DefaultGenericMobileDriver.java:58)
at io.appium.java_client.AppiumDriver.findElement(AppiumDriver.java:1)
at io.appium.java_client.android.AndroidDriver.findElement(AndroidDriver.java:1)
<<<<<<< Updated upstream
at com.torenzo.qa.base.Loginapp.login(Loginapp.java:148)
=======
at com.torenzo.qa.testcases.OrderCreateAndPayThroughSeated.orderWithTable(OrderCreateAndPayThroughSeated.java:52)
>>>>>>> Stashed changes
at sun.reflect.NativeMethodAccessorImpl.invoke0(Native Method)
at sun.reflect.NativeMethodAccessorImpl.invoke(Unknown Source)
at sun.reflect.DelegatingMethodAccessorImpl.invoke(Unknown Source)
at java.lang.reflect.Method.invoke(Unknown Source)
at org.testng.internal.MethodInvocationHelper.invokeMethod(MethodInvocationHelper.java:124)
at org.testng.internal.MethodInvocationHelper.invokeMethodConsideringTimeout(MethodInvocationHelper.java:59)
at org.testng.internal.Invoker.invokeConfigurationMethod(Invoker.java:455)
at org.testng.internal.Invoker.invokeConfigurations(Invoker.java:222)
at org.testng.internal.Invoker.invokeConfigurations(Invoker.java:142)
at org.testng.TestRunner.beforeRun(TestRunner.java:529)
at org.testng.TestRunner.run(TestRunner.java:497)
at org.testng.SuiteRunner.runTest(SuiteRunner.java:455)
at org.testng.SuiteRunner.runSequentially(SuiteRunner.java:450)
at org.testng.SuiteRunner.privateRun(SuiteRunner.java:415)
at org.testng.SuiteRunner.run(SuiteRunner.java:364)
at org.testng.SuiteRunnerWorker.runSuite(SuiteRunnerWorker.java:52)
at org.testng.SuiteRunnerWorker.run(SuiteRunnerWorker.java:84)
at org.testng.TestNG.runSuitesSequentially(TestNG.java:1208)
at org.testng.TestNG.runSuitesLocally(TestNG.java:1137)
at org.testng.TestNG.runSuites(TestNG.java:1049)
at org.testng.TestNG.run(TestNG.java:1017)
at org.testng.remote.AbstractRemoteTestNG.run(AbstractRemoteTestNG.java:114)
at org.testng.remote.RemoteTestNG.initAndRun(RemoteTestNG.java:251)
at org.testng.remote.RemoteTestNG.main(RemoteTestNG.java:77)
]]>
    </error>
  </testcase> <!-- login -->
  <testcase name="orderWithTable" time="0.000" classname="com.torenzo.qa.testcases.OrderCreateAndPayThroughSeated">
    <skipped/>
  </testcase> <!-- orderWithTable -->
<<<<<<< Updated upstream
  <testcase name="tableStrucuterVerify" time="0.000" classname="com.torenzo.qa.testcases.OrderCreateAndPayThroughSeated">
    <skipped/>
  </testcase> <!-- tableStrucuterVerify -->
  <testcase name="addguestandItem" time="0.000" classname="com.torenzo.qa.testcases.OrderCreateAndPayThroughSeated">
    <skipped/>
=======
  <testcase name="tableStrucuterVerify" time="60.739" classname="com.torenzo.qa.testcases.OrderCreateAndPayThroughSeated">
    <error type="org.openqa.selenium.NoSuchElementException" message="An element could not be located on the page using the given search parameters. (WARNING: The server did not provide any stacktrace information)
Command duration or timeout: 30.33 seconds
For documentation on this error, please visit: http://seleniumhq.org/exceptions/no_such_element.html
Build info: version: &#039;3.3.1&#039;, revision: &#039;5234b325d5&#039;, time: &#039;2017-03-10 09:10:29 +0000&#039;
System info: host: &#039;RahulKaelsMini2&#039;, ip: &#039;192.168.1.32&#039;, os.name: &#039;Mac OS X&#039;, os.arch: &#039;x86_64&#039;, os.version: &#039;10.11.6&#039;, java.version: &#039;1.8.0_162&#039;
Driver info: io.appium.java_client.android.AndroidDriver
Capabilities [{appPackage=com.torenzo.torenzocafe, app=/Users/rahul.kardel/Downloads/140apkfromsgr.apk, networkConnectionEnabled=true, dontStopAppOnReset=true, warnings={}, databaseEnabled=false, deviceName=192.168.56.101:5555, deviceReadyTimeout=80, platform=LINUX, deviceUDID=192.168.56.101:5555, appActivity=com.torenzo.torenzopos.StartScreenActivity, desired={appPackage=com.torenzo.torenzocafe, appActivity=com.torenzo.torenzopos.StartScreenActivity, app=/Users/rahul.kardel/Downloads/140apkfromsgr.apk, dontStopAppOnReset=true, newCommandTimeout=150, platformVersion=6.0, automationName=Appium, platformName=Android, udid=192.168.56.101:5555, deviceName=Honor, deviceReadyTimeout=80}, newCommandTimeout=150, platformVersion=6.0, webStorageEnabled=false, locationContextEnabled=false, automationName=Appium, takesScreenshot=true, javascriptEnabled=true, platformName=Android, udid=192.168.56.101:5555}]
Session ID: a3cdb647-8c09-4cee-8943-195cc002f3c6
*** Element info: {Using=id, value=com.torenzo.torenzocafe:id/floor_select_btn}">
      <![CDATA[org.openqa.selenium.NoSuchElementException: An element could not be located on the page using the given search parameters. (WARNING: The server did not provide any stacktrace information)
Command duration or timeout: 30.33 seconds
For documentation on this error, please visit: http://seleniumhq.org/exceptions/no_such_element.html
Build info: version: '3.3.1', revision: '5234b325d5', time: '2017-03-10 09:10:29 +0000'
System info: host: 'RahulKaelsMini2', ip: '192.168.1.32', os.name: 'Mac OS X', os.arch: 'x86_64', os.version: '10.11.6', java.version: '1.8.0_162'
Driver info: io.appium.java_client.android.AndroidDriver
Capabilities [{appPackage=com.torenzo.torenzocafe, app=/Users/rahul.kardel/Downloads/140apkfromsgr.apk, networkConnectionEnabled=true, dontStopAppOnReset=true, warnings={}, databaseEnabled=false, deviceName=192.168.56.101:5555, deviceReadyTimeout=80, platform=LINUX, deviceUDID=192.168.56.101:5555, appActivity=com.torenzo.torenzopos.StartScreenActivity, desired={appPackage=com.torenzo.torenzocafe, appActivity=com.torenzo.torenzopos.StartScreenActivity, app=/Users/rahul.kardel/Downloads/140apkfromsgr.apk, dontStopAppOnReset=true, newCommandTimeout=150, platformVersion=6.0, automationName=Appium, platformName=Android, udid=192.168.56.101:5555, deviceName=Honor, deviceReadyTimeout=80}, newCommandTimeout=150, platformVersion=6.0, webStorageEnabled=false, locationContextEnabled=false, automationName=Appium, takesScreenshot=true, javascriptEnabled=true, platformName=Android, udid=192.168.56.101:5555}]
Session ID: a3cdb647-8c09-4cee-8943-195cc002f3c6
*** Element info: {Using=id, value=com.torenzo.torenzocafe:id/floor_select_btn}
at sun.reflect.GeneratedConstructorAccessor15.newInstance(Unknown Source)
at sun.reflect.DelegatingConstructorAccessorImpl.newInstance(DelegatingConstructorAccessorImpl.java:45)
at java.lang.reflect.Constructor.newInstance(Constructor.java:423)
at org.openqa.selenium.remote.ErrorHandler.createThrowable(ErrorHandler.java:216)
at org.openqa.selenium.remote.ErrorHandler.throwIfResponseFailed(ErrorHandler.java:168)
at org.openqa.selenium.remote.RemoteWebDriver.execute(RemoteWebDriver.java:638)
at io.appium.java_client.DefaultGenericMobileDriver.execute(DefaultGenericMobileDriver.java:42)
at io.appium.java_client.AppiumDriver.execute(AppiumDriver.java:1)
at io.appium.java_client.android.AndroidDriver.execute(AndroidDriver.java:1)
at org.openqa.selenium.remote.RemoteWebDriver.findElement(RemoteWebDriver.java:371)
at io.appium.java_client.DefaultGenericMobileDriver.findElement(DefaultGenericMobileDriver.java:62)
at io.appium.java_client.AppiumDriver.findElement(AppiumDriver.java:1)
at io.appium.java_client.android.AndroidDriver.findElement(AndroidDriver.java:1)
at org.openqa.selenium.remote.RemoteWebDriver.findElementById(RemoteWebDriver.java:420)
at io.appium.java_client.DefaultGenericMobileDriver.findElementById(DefaultGenericMobileDriver.java:70)
at io.appium.java_client.AppiumDriver.findElementById(AppiumDriver.java:1)
at io.appium.java_client.android.AndroidDriver.findElementById(AndroidDriver.java:1)
at org.openqa.selenium.By$ById.findElement(By.java:218)
at org.openqa.selenium.remote.RemoteWebDriver.findElement(RemoteWebDriver.java:363)
at io.appium.java_client.DefaultGenericMobileDriver.findElement(DefaultGenericMobileDriver.java:58)
at io.appium.java_client.AppiumDriver.findElement(AppiumDriver.java:1)
at io.appium.java_client.android.AndroidDriver.findElement(AndroidDriver.java:1)
at com.torenzo.qa.util.Reusemethod.specifyTableFromTableStructure(Reusemethod.java:511)
at com.torenzo.qa.testcases.OrderCreateAndPayThroughSeated.tableStrucuterVerify(OrderCreateAndPayThroughSeated.java:62)
at sun.reflect.NativeMethodAccessorImpl.invoke0(Native Method)
at sun.reflect.NativeMethodAccessorImpl.invoke(NativeMethodAccessorImpl.java:62)
at sun.reflect.DelegatingMethodAccessorImpl.invoke(DelegatingMethodAccessorImpl.java:43)
at java.lang.reflect.Method.invoke(Method.java:498)
at org.testng.internal.MethodInvocationHelper.invokeMethod(MethodInvocationHelper.java:124)
at org.testng.internal.Invoker.invokeMethod(Invoker.java:583)
at org.testng.internal.Invoker.invokeTestMethod(Invoker.java:719)
at org.testng.internal.Invoker.invokeTestMethods(Invoker.java:989)
at org.testng.internal.TestMethodWorker.invokeTestMethods(TestMethodWorker.java:125)
at org.testng.internal.TestMethodWorker.run(TestMethodWorker.java:109)
at org.testng.TestRunner.privateRun(TestRunner.java:648)
at org.testng.TestRunner.run(TestRunner.java:505)
at org.testng.SuiteRunner.runTest(SuiteRunner.java:455)
at org.testng.SuiteRunner.runSequentially(SuiteRunner.java:450)
at org.testng.SuiteRunner.privateRun(SuiteRunner.java:415)
at org.testng.SuiteRunner.run(SuiteRunner.java:364)
at org.testng.SuiteRunnerWorker.runSuite(SuiteRunnerWorker.java:52)
at org.testng.SuiteRunnerWorker.run(SuiteRunnerWorker.java:84)
at org.testng.TestNG.runSuitesSequentially(TestNG.java:1208)
at org.testng.TestNG.runSuitesLocally(TestNG.java:1137)
at org.testng.TestNG.runSuites(TestNG.java:1049)
at org.testng.TestNG.run(TestNG.java:1017)
at org.testng.remote.AbstractRemoteTestNG.run(AbstractRemoteTestNG.java:114)
at org.testng.remote.RemoteTestNG.initAndRun(RemoteTestNG.java:251)
at org.testng.remote.RemoteTestNG.main(RemoteTestNG.java:77)
]]>
    </error>
  </testcase> <!-- tableStrucuterVerify -->
  <testcase name="addguestandItem" time="126.769" classname="com.torenzo.qa.testcases.OrderCreateAndPayThroughSeated">
    <error type="org.openqa.selenium.NoSuchElementException" message="An element could not be located on the page using the given search parameters. (WARNING: The server did not provide any stacktrace information)
Command duration or timeout: 30.12 seconds
For documentation on this error, please visit: http://seleniumhq.org/exceptions/no_such_element.html
Build info: version: &#039;3.3.1&#039;, revision: &#039;5234b325d5&#039;, time: &#039;2017-03-10 09:10:29 +0000&#039;
System info: host: &#039;RahulKaelsMini2&#039;, ip: &#039;192.168.1.32&#039;, os.name: &#039;Mac OS X&#039;, os.arch: &#039;x86_64&#039;, os.version: &#039;10.11.6&#039;, java.version: &#039;1.8.0_162&#039;
Driver info: io.appium.java_client.android.AndroidDriver
Capabilities [{appPackage=com.torenzo.torenzocafe, app=/Users/rahul.kardel/Downloads/140apkfromsgr.apk, networkConnectionEnabled=true, dontStopAppOnReset=true, warnings={}, databaseEnabled=false, deviceName=192.168.56.101:5555, deviceReadyTimeout=80, platform=LINUX, deviceUDID=192.168.56.101:5555, appActivity=com.torenzo.torenzopos.StartScreenActivity, desired={appPackage=com.torenzo.torenzocafe, appActivity=com.torenzo.torenzopos.StartScreenActivity, app=/Users/rahul.kardel/Downloads/140apkfromsgr.apk, dontStopAppOnReset=true, newCommandTimeout=150, platformVersion=6.0, automationName=Appium, platformName=Android, udid=192.168.56.101:5555, deviceName=Honor, deviceReadyTimeout=80}, newCommandTimeout=150, platformVersion=6.0, webStorageEnabled=false, locationContextEnabled=false, automationName=Appium, takesScreenshot=true, javascriptEnabled=true, platformName=Android, udid=192.168.56.101:5555}]
Session ID: a3cdb647-8c09-4cee-8943-195cc002f3c6
*** Element info: {Using=xpath, value=//android.widget.TextView[@text=&#039;All Items&#039;]}">
      <![CDATA[org.openqa.selenium.NoSuchElementException: An element could not be located on the page using the given search parameters. (WARNING: The server did not provide any stacktrace information)
Command duration or timeout: 30.12 seconds
For documentation on this error, please visit: http://seleniumhq.org/exceptions/no_such_element.html
Build info: version: '3.3.1', revision: '5234b325d5', time: '2017-03-10 09:10:29 +0000'
System info: host: 'RahulKaelsMini2', ip: '192.168.1.32', os.name: 'Mac OS X', os.arch: 'x86_64', os.version: '10.11.6', java.version: '1.8.0_162'
Driver info: io.appium.java_client.android.AndroidDriver
Capabilities [{appPackage=com.torenzo.torenzocafe, app=/Users/rahul.kardel/Downloads/140apkfromsgr.apk, networkConnectionEnabled=true, dontStopAppOnReset=true, warnings={}, databaseEnabled=false, deviceName=192.168.56.101:5555, deviceReadyTimeout=80, platform=LINUX, deviceUDID=192.168.56.101:5555, appActivity=com.torenzo.torenzopos.StartScreenActivity, desired={appPackage=com.torenzo.torenzocafe, appActivity=com.torenzo.torenzopos.StartScreenActivity, app=/Users/rahul.kardel/Downloads/140apkfromsgr.apk, dontStopAppOnReset=true, newCommandTimeout=150, platformVersion=6.0, automationName=Appium, platformName=Android, udid=192.168.56.101:5555, deviceName=Honor, deviceReadyTimeout=80}, newCommandTimeout=150, platformVersion=6.0, webStorageEnabled=false, locationContextEnabled=false, automationName=Appium, takesScreenshot=true, javascriptEnabled=true, platformName=Android, udid=192.168.56.101:5555}]
Session ID: a3cdb647-8c09-4cee-8943-195cc002f3c6
*** Element info: {Using=xpath, value=//android.widget.TextView[@text='All Items']}
at sun.reflect.GeneratedConstructorAccessor15.newInstance(Unknown Source)
at sun.reflect.DelegatingConstructorAccessorImpl.newInstance(DelegatingConstructorAccessorImpl.java:45)
at java.lang.reflect.Constructor.newInstance(Constructor.java:423)
at org.openqa.selenium.remote.ErrorHandler.createThrowable(ErrorHandler.java:216)
at org.openqa.selenium.remote.ErrorHandler.throwIfResponseFailed(ErrorHandler.java:168)
at org.openqa.selenium.remote.RemoteWebDriver.execute(RemoteWebDriver.java:638)
at io.appium.java_client.DefaultGenericMobileDriver.execute(DefaultGenericMobileDriver.java:42)
at io.appium.java_client.AppiumDriver.execute(AppiumDriver.java:1)
at io.appium.java_client.android.AndroidDriver.execute(AndroidDriver.java:1)
at org.openqa.selenium.remote.RemoteWebDriver.findElement(RemoteWebDriver.java:371)
at io.appium.java_client.DefaultGenericMobileDriver.findElement(DefaultGenericMobileDriver.java:62)
at io.appium.java_client.AppiumDriver.findElement(AppiumDriver.java:1)
at io.appium.java_client.android.AndroidDriver.findElement(AndroidDriver.java:1)
at org.openqa.selenium.remote.RemoteWebDriver.findElementByXPath(RemoteWebDriver.java:476)
at io.appium.java_client.DefaultGenericMobileDriver.findElementByXPath(DefaultGenericMobileDriver.java:140)
at io.appium.java_client.AppiumDriver.findElementByXPath(AppiumDriver.java:1)
at io.appium.java_client.android.AndroidDriver.findElementByXPath(AndroidDriver.java:1)
at org.openqa.selenium.By$ByXPath.findElement(By.java:361)
at org.openqa.selenium.remote.RemoteWebDriver.findElement(RemoteWebDriver.java:363)
at io.appium.java_client.DefaultGenericMobileDriver.findElement(DefaultGenericMobileDriver.java:58)
at io.appium.java_client.AppiumDriver.findElement(AppiumDriver.java:1)
at io.appium.java_client.android.AndroidDriver.findElement(AndroidDriver.java:1)
at com.torenzo.qa.util.Reusemethod.selectGuestandAddItem(Reusemethod.java:170)
at com.torenzo.qa.testcases.OrderCreateAndPayThroughSeated.addguestandItem(OrderCreateAndPayThroughSeated.java:75)
at sun.reflect.NativeMethodAccessorImpl.invoke0(Native Method)
at sun.reflect.NativeMethodAccessorImpl.invoke(NativeMethodAccessorImpl.java:62)
at sun.reflect.DelegatingMethodAccessorImpl.invoke(DelegatingMethodAccessorImpl.java:43)
at java.lang.reflect.Method.invoke(Method.java:498)
at org.testng.internal.MethodInvocationHelper.invokeMethod(MethodInvocationHelper.java:124)
at org.testng.internal.Invoker.invokeMethod(Invoker.java:583)
at org.testng.internal.Invoker.invokeTestMethod(Invoker.java:719)
at org.testng.internal.Invoker.invokeTestMethods(Invoker.java:989)
at org.testng.internal.TestMethodWorker.invokeTestMethods(TestMethodWorker.java:125)
at org.testng.internal.TestMethodWorker.run(TestMethodWorker.java:109)
at org.testng.TestRunner.privateRun(TestRunner.java:648)
at org.testng.TestRunner.run(TestRunner.java:505)
at org.testng.SuiteRunner.runTest(SuiteRunner.java:455)
at org.testng.SuiteRunner.runSequentially(SuiteRunner.java:450)
at org.testng.SuiteRunner.privateRun(SuiteRunner.java:415)
at org.testng.SuiteRunner.run(SuiteRunner.java:364)
at org.testng.SuiteRunnerWorker.runSuite(SuiteRunnerWorker.java:52)
at org.testng.SuiteRunnerWorker.run(SuiteRunnerWorker.java:84)
at org.testng.TestNG.runSuitesSequentially(TestNG.java:1208)
at org.testng.TestNG.runSuitesLocally(TestNG.java:1137)
at org.testng.TestNG.runSuites(TestNG.java:1049)
at org.testng.TestNG.run(TestNG.java:1017)
at org.testng.remote.AbstractRemoteTestNG.run(AbstractRemoteTestNG.java:114)
at org.testng.remote.RemoteTestNG.initAndRun(RemoteTestNG.java:251)
at org.testng.remote.RemoteTestNG.main(RemoteTestNG.java:77)
]]>
    </error>
>>>>>>> Stashed changes
  </testcase> <!-- addguestandItem -->
</testsuite> <!-- com.torenzo.qa.testcases.OrderCreateAndPayThroughSeated -->
