<?xml version="1.0" encoding="UTF-8"?>
<!-- Generated by org.testng.reporters.JUnitReportReporter -->
<testsuite skipped="0" hostname="RahulKaelsMini2" name="com.torenzo.qa.testcases.TillSubmit" tests="1" failures="0" timestamp="01 Oct 2018 12:25:03 GMT" time="68.622" errors="0">
  <testcase name="tillSubmite" time="68.622" classname="com.torenzo.qa.testcases.TillSubmit"/>
</testsuite> <!-- com.torenzo.qa.testcases.TillSubmit -->
