<?xml version="1.0" encoding="UTF-8"?>
<!-- Generated by org.testng.reporters.JUnitReportReporter -->
<testsuite hostname="Torenzo" name="com.torenzo.qa.pomtest.NCKOTOrderPageTest" tests="4" failures="0" timestamp="2 Dec 2019 05:40:17 GMT" time="192.602" errors="0">
  <testcase name="verfiyHomePageTest" time="35.563" classname="com.torenzo.qa.pomtest.NCKOTOrderPageTest"/>
  <testcase name="paymentPageTest" time="102.061" classname="com.torenzo.qa.pomtest.NCKOTOrderPageTest"/>
  <testcase name="editPageTestNegative" time="21.142" classname="com.torenzo.qa.pomtest.NCKOTOrderPageTest"/>
  <testcase name="editPageTest" time="33.836" classname="com.torenzo.qa.pomtest.NCKOTOrderPageTest"/>
</testsuite> <!-- com.torenzo.qa.pomtest.NCKOTOrderPageTest -->
