<?xml version="1.0" encoding="UTF-8"?>
<!-- Generated by org.testng.reporters.JUnitReportReporter -->
<testsuite skipped="0" hostname="RahulKaelsMini2" name="com.torenzo.qa.testcases.AddMultipleItemTest" tests="1" failures="0" timestamp="17 Dec 2018 07:32:52 GMT" time="624.781" errors="0">
  <testcase name="TakeoutOrder" time="624.781" classname="com.torenzo.qa.testcases.AddMultipleItemTest"/>
</testsuite> <!-- com.torenzo.qa.testcases.AddMultipleItemTest -->
