<?xml version="1.0" encoding="UTF-8"?>
<!-- Generated by org.testng.reporters.JUnitReportReporter -->
<testsuite hostname="namet5" name="com.torenzo.qa.pomtest.OrderPageTest" tests="2" failures="0" timestamp="24 Oct 2019 11:00:17 GMT" time="109.818" errors="0">
  <testcase name="addItemToOrder" time="77.988" classname="com.torenzo.qa.pomtest.OrderPageTest"/>
  <testcase name="verfiyHomePageTest" time="31.830" classname="com.torenzo.qa.pomtest.OrderPageTest"/>
</testsuite> <!-- com.torenzo.qa.pomtest.OrderPageTest -->
