<?xml version="1.0" encoding="UTF-8"?>
<!-- Generated by org.testng.reporters.JUnitReportReporter -->
<testsuite skipped="0" hostname="RahulKaelsMini2" name="com.torenzo.qa.testcases.TableStructureOrderTest" tests="4" failures="0" timestamp="03 Jan 2019 06:36:13 GMT" time="370.035" errors="0">
  <testcase name="orderWithTable" time="43.672" classname="com.torenzo.qa.testcases.TableStructureOrderTest"/>
  <testcase name="tableStrucuterVerify" time="50.882" classname="com.torenzo.qa.testcases.TableStructureOrderTest"/>
  <testcase name="addguestandItem" time="163.217" classname="com.torenzo.qa.testcases.TableStructureOrderTest"/>
  <testcase name="paymentorder" time="112.264" classname="com.torenzo.qa.testcases.TableStructureOrderTest"/>
</testsuite> <!-- com.torenzo.qa.testcases.TableStructureOrderTest -->
