<?xml version="1.0" encoding="UTF-8"?>
<!-- Generated by org.testng.reporters.JUnitReportReporter -->
<testsuite skipped="0" hostname="RahulKaelsMini2" name="com.torenzo.qa.testcases.TableStructurePageTest" tests="4" failures="0" timestamp="23 Nov 2018 11:05:22 GMT" time="350.903" errors="0">
  <testcase name="loginApp" time="70.435" classname="com.torenzo.qa.testcases.TableStructurePageTest"/>
  <testcase name="validateTableStrucutre" time="20.446" classname="com.torenzo.qa.testcases.TableStructurePageTest"/>
  <testcase name="selectEmptyTable" time="225.528" classname="com.torenzo.qa.testcases.TableStructurePageTest"/>
  <testcase name="getPaymentDone" time="34.494" classname="com.torenzo.qa.testcases.TableStructurePageTest"/>
</testsuite> <!-- com.torenzo.qa.testcases.TableStructurePageTest -->
