<?xml version="1.0" encoding="UTF-8"?>
<!-- Generated by org.testng.reporters.JUnitReportReporter -->
<testsuite hostname="namet5" name="com.torenzo.qa.pomtest.LoginPageTest" tests="7" failures="0" timestamp="26 Oct 2019 07:21:53 GMT" time="93.717" errors="0">
  <testcase name="cancelVerifyTest" time="8.379" classname="com.torenzo.qa.pomtest.LoginPageTest"/>
  <testcase name="VerifyDemoUrlAndCancelClick" time="28.670" classname="com.torenzo.qa.pomtest.LoginPageTest"/>
  <testcase name="loginVerifyTestInvalidData4" time="9.153" classname="com.torenzo.qa.pomtest.LoginPageTest"/>
  <testcase name="loginVerifyTest" time="17.340" classname="com.torenzo.qa.pomtest.LoginPageTest"/>
  <testcase name="loginVerifyTestInvalidData1" time="11.605" classname="com.torenzo.qa.pomtest.LoginPageTest"/>
  <testcase name="loginVerifyTestInvalidData2" time="11.287" classname="com.torenzo.qa.pomtest.LoginPageTest"/>
  <testcase name="loginVerifyTestInvalidData3" time="7.283" classname="com.torenzo.qa.pomtest.LoginPageTest"/>
</testsuite> <!-- com.torenzo.qa.pomtest.LoginPageTest -->
