<?xml version="1.0" encoding="UTF-8"?>
<!-- Generated by org.testng.reporters.JUnitReportReporter -->
<testsuite skipped="0" hostname="namet5" name="com.torenzo.qa.testcases.VoidRefundOrderInTillTest" tests="5" failures="0" timestamp="20 Nov 2018 06:42:34 GMT" time="353.315" errors="0">
  <testcase name="orderCreateAndPay" time="82.526" classname="com.torenzo.qa.testcases.VoidRefundOrderInTillTest"/>
  <testcase name="orderVerifyInEditOrder" time="109.165" classname="com.torenzo.qa.testcases.VoidRefundOrderInTillTest"/>
  <testcase name="VerifyVoidinTill" time="26.860" classname="com.torenzo.qa.testcases.VoidRefundOrderInTillTest"/>
  <testcase name="RefundTest" time="109.239" classname="com.torenzo.qa.testcases.VoidRefundOrderInTillTest"/>
  <testcase name="RefundTillTest" time="25.525" classname="com.torenzo.qa.testcases.VoidRefundOrderInTillTest"/>
</testsuite> <!-- com.torenzo.qa.testcases.VoidRefundOrderInTillTest -->
