<?xml version="1.0" encoding="UTF-8"?>
<!-- Generated by org.testng.reporters.JUnitReportReporter -->
<testsuite skipped="0" hostname="namet5" name="com.torenzo.qa.testcases.VerifyOrderInSuspendedList" tests="2" failures="0" timestamp="05 Nov 2018 08:06:37 GMT" time="312.024" errors="0">
  <testcase name="OrderCreateAndLoadTest" time="198.970" classname="com.torenzo.qa.testcases.VerifyOrderInSuspendedList"/>
  <testcase name="loadOrderFromSuspendedListTest" time="113.054" classname="com.torenzo.qa.testcases.VerifyOrderInSuspendedList"/>
</testsuite> <!-- com.torenzo.qa.testcases.VerifyOrderInSuspendedList -->
