<?xml version="1.0" encoding="UTF-8"?>
<!-- Generated by org.testng.reporters.JUnitReportReporter -->
<testsuite skipped="0" hostname="namet5" name="com.torenzo.qa.testcases.VerifyOrderInTillTest" tests="3" failures="0" timestamp="13 Nov 2018 08:19:28 GMT" time="1023.612" errors="0">
  <testcase name="orderCreateAndDBtest" time="268.411" classname="com.torenzo.qa.testcases.VerifyOrderInTillTest"/>
  <testcase name="paymentAndDBtest" time="24.642" classname="com.torenzo.qa.testcases.VerifyOrderInTillTest"/>
  <testcase name="VerfyTillAndDBtest" time="730.559" classname="com.torenzo.qa.testcases.VerifyOrderInTillTest"/>
</testsuite> <!-- com.torenzo.qa.testcases.VerifyOrderInTillTest -->
