<?xml version="1.0" encoding="UTF-8"?>
<!-- Generated by org.testng.reporters.JUnitReportReporter -->
<testsuite skipped="0" hostname="RahulKaelsMini2" name="com.torenzo.qa.testcases.CashPaymentFromHomeTest" tests="1" failures="0" timestamp="04 Oct 2018 12:53:48 GMT" time="201.646" errors="0">
  <testcase name="cashPaymentFromHome" time="201.646" classname="com.torenzo.qa.testcases.CashPaymentFromHomeTest"/>
</testsuite> <!-- com.torenzo.qa.testcases.CashPaymentFromHomeTest -->
