<?xml version="1.0" encoding="UTF-8"?>
<!-- Generated by org.testng.reporters.JUnitReportReporter -->
<testsuite hostname="Torenzo" name="com.torenzo.qa.pomtest.LoginPageTest" tests="7" failures="0" timestamp="25 Oct 2019 12:26:30 GMT" time="71.945" errors="0">
  <testcase name="loginVerifyTestInvalidData2" time="8.187" classname="com.torenzo.qa.pomtest.LoginPageTest"/>
  <testcase name="cancelVerifyTest" time="4.768" classname="com.torenzo.qa.pomtest.LoginPageTest"/>
  <testcase name="loginVerifyTestInvalidData3" time="5.265" classname="com.torenzo.qa.pomtest.LoginPageTest"/>
  <testcase name="VerifyDemoUrlAndCancelClick" time="28.487" classname="com.torenzo.qa.pomtest.LoginPageTest"/>
  <testcase name="loginVerifyTestInvalidData4" time="6.856" classname="com.torenzo.qa.pomtest.LoginPageTest"/>
  <testcase name="loginVerifyTest" time="10.239" classname="com.torenzo.qa.pomtest.LoginPageTest"/>
  <testcase name="loginVerifyTestInvalidData1" time="8.143" classname="com.torenzo.qa.pomtest.LoginPageTest"/>
</testsuite> <!-- com.torenzo.qa.pomtest.LoginPageTest -->
