<?xml version="1.0" encoding="UTF-8"?>
<!-- Generated by org.testng.reporters.JUnitReportReporter -->
<testsuite skipped="0" hostname="RahulKaelsMini2" name="com.torenzo.qa.testcases.SplitReceiptSingleOptionTest" tests="2" failures="0" timestamp="03 Jan 2019 06:36:12 GMT" time="188.432" errors="0">
  <testcase name="orderCreate" time="67.110" classname="com.torenzo.qa.testcases.SplitReceiptSingleOptionTest"/>
  <testcase name="payment" time="121.322" classname="com.torenzo.qa.testcases.SplitReceiptSingleOptionTest"/>
</testsuite> <!-- com.torenzo.qa.testcases.SplitReceiptSingleOptionTest -->
