<?xml version="1.0" encoding="UTF-8"?>
<!-- Generated by org.testng.reporters.JUnitReportReporter -->
<testsuite skipped="0" hostname="namet5" name="com.torenzo.qa.testcases.OrderTakeOutTest" tests="2" failures="0" timestamp="05 Nov 2018 07:43:05 GMT" time="290.470" errors="0">
  <testcase name="Allitem" time="182.153" classname="com.torenzo.qa.testcases.OrderTakeOutTest"/>
  <testcase name="Payment" time="108.317" classname="com.torenzo.qa.testcases.OrderTakeOutTest"/>
</testsuite> <!-- com.torenzo.qa.testcases.OrderTakeOutTest -->
