<?xml version="1.0" encoding="UTF-8"?>
<!-- Generated by org.testng.reporters.JUnitReportReporter -->
<testsuite skipped="0" hostname="RahulKaelsMini2" name="com.torenzo.qa.testcases.TableStructureOrderTest" tests="4" failures="0" timestamp="17 Dec 2018 07:32:52 GMT" time="399.699" errors="0">
  <testcase name="orderWithTable" time="46.200" classname="com.torenzo.qa.testcases.TableStructureOrderTest"/>
  <testcase name="tableStrucuterVerify" time="88.547" classname="com.torenzo.qa.testcases.TableStructureOrderTest"/>
  <testcase name="addguestandItem" time="160.095" classname="com.torenzo.qa.testcases.TableStructureOrderTest"/>
  <testcase name="paymentorder" time="104.857" classname="com.torenzo.qa.testcases.TableStructureOrderTest"/>
</testsuite> <!-- com.torenzo.qa.testcases.TableStructureOrderTest -->
