<?xml version="1.0" encoding="UTF-8"?>
<!-- Generated by org.testng.reporters.JUnitReportReporter -->
<<<<<<< Updated upstream
<testsuite hostname="Torenzo" name="com.torenzo.qa.pomtest.PaymentPageNegativeTest" tests="3" failures="0" timestamp="1 Nov 2019 11:52:09 GMT" time="148.203" errors="0">
  <testcase name="verfiyHomePageTest" time="34.324" classname="com.torenzo.qa.pomtest.PaymentPageNegativeTest"/>
  <testcase name="verifyCancelTest" time="22.123" classname="com.torenzo.qa.pomtest.PaymentPageNegativeTest"/>
  <testcase name="paymentPageTest" time="91.756" classname="com.torenzo.qa.pomtest.PaymentPageNegativeTest"/>
=======
<testsuite hostname="namet5" name="com.torenzo.qa.pomtest.PaymentPageNegativeTest" tests="3" failures="0" timestamp="2 Nov 2019 11:02:21 GMT" time="139.957" errors="0">
  <testcase name="verfiyHomePageTest" time="31.862" classname="com.torenzo.qa.pomtest.PaymentPageNegativeTest"/>
  <testcase name="verifyCancelTest" time="17.534" classname="com.torenzo.qa.pomtest.PaymentPageNegativeTest"/>
  <testcase name="paymentPageTest" time="90.561" classname="com.torenzo.qa.pomtest.PaymentPageNegativeTest"/>
>>>>>>> Stashed changes
</testsuite> <!-- com.torenzo.qa.pomtest.PaymentPageNegativeTest -->
