<?xml version="1.0" encoding="UTF-8"?>
<!-- Generated by org.testng.reporters.JUnitReportReporter -->
<testsuite hostname="Torenzo" name="com.torenzo.qa.pomtest.HomePageTest" tests="1" failures="0" timestamp="24 Oct 2019 05:43:54 GMT" time="74.657" errors="0">
  <testcase name="verfiyHomePageTest" time="74.657" classname="com.torenzo.qa.pomtest.HomePageTest"/>
</testsuite> <!-- com.torenzo.qa.pomtest.HomePageTest -->
