<?xml version="1.0" encoding="UTF-8"?>
<!-- Generated by org.testng.reporters.JUnitReportReporter -->
<testsuite hostname="namet5" name="com.torenzo.qa.pomtest.SuspendedOrderListTest" tests="8" failures="0" timestamp="20 Nov 2019 05:27:53 GMT" time="230.589" errors="0">
  <testcase name="orderListSortByCostTest" time="4.876" classname="com.torenzo.qa.pomtest.SuspendedOrderListTest"/>
  <testcase name="getItemDetails" time="0.369" classname="com.torenzo.qa.pomtest.SuspendedOrderListTest"/>
  <testcase name="verifyitemDatawithDB" time="0.369" classname="com.torenzo.qa.pomtest.SuspendedOrderListTest"/>
  <testcase name="verfiyHomePageTest" time="30.102" classname="com.torenzo.qa.pomtest.SuspendedOrderListTest"/>
  <testcase name="VerifyOrderInOrderListTest" time="54.731" classname="com.torenzo.qa.pomtest.SuspendedOrderListTest"/>
  <testcase name="orderListSortByOrderNoTest" time="3.488" classname="com.torenzo.qa.pomtest.SuspendedOrderListTest"/>
  <testcase name="OrderListPageTest" time="116.176" classname="com.torenzo.qa.pomtest.SuspendedOrderListTest"/>
  <testcase name="SearchBoxInSuspendedListTest" time="20.478" classname="com.torenzo.qa.pomtest.SuspendedOrderListTest"/>
</testsuite> <!-- com.torenzo.qa.pomtest.SuspendedOrderListTest -->
