<?xml version="1.0" encoding="UTF-8"?>
<!-- Generated by org.testng.reporters.JUnitReportReporter -->
<testsuite skipped="0" hostname="RahulKaelsMini2" name="com.torenzo.qa.testcases.OrderTakeOutTest" tests="2" failures="0" timestamp="02 Nov 2018 09:36:48 GMT" time="450.668" errors="0">
  <testcase name="Allitem" time="275.420" classname="com.torenzo.qa.testcases.OrderTakeOutTest"/>
  <testcase name="Payment" time="175.248" classname="com.torenzo.qa.testcases.OrderTakeOutTest"/>
</testsuite> <!-- com.torenzo.qa.testcases.OrderTakeOutTest -->
