<?xml version="1.0" encoding="UTF-8"?>
<!-- Generated by org.testng.reporters.JUnitReportReporter -->
<testsuite hostname="Torenzo" name="com.torenzo.qa.pomtest.PaymentPageTest" tests="7" failures="0" timestamp="21 Nov 2019 05:22:59 GMT" time="306.387" errors="0">
  <testcase name="verifyDiscountTest2" time="15.584" classname="com.torenzo.qa.pomtest.PaymentPageTest"/>
  <testcase name="verifyDiscountTest3" time="16.933" classname="com.torenzo.qa.pomtest.PaymentPageTest"/>
  <testcase name="verifyPaymentTest" time="19.011" classname="com.torenzo.qa.pomtest.PaymentPageTest"/>
  <testcase name="verfiyHomePageTest" time="37.560" classname="com.torenzo.qa.pomtest.PaymentPageTest"/>
  <testcase name="verifyDiscountTest1" time="15.217" classname="com.torenzo.qa.pomtest.PaymentPageTest"/>
  <testcase name="paymentPageTest" time="88.684" classname="com.torenzo.qa.pomtest.PaymentPageTest"/>
  <testcase name="paymentPageTest1" time="113.398" classname="com.torenzo.qa.pomtest.PaymentPageTest"/>
</testsuite> <!-- com.torenzo.qa.pomtest.PaymentPageTest -->
