<?xml version="1.0" encoding="UTF-8"?>
<!-- Generated by org.testng.reporters.JUnitReportReporter -->
<testsuite skipped="0" hostname="namet5" name="com.torenzo.qa.testcases.VerifyOrderInTillTest" tests="3" failures="0" timestamp="01 Nov 2018 08:04:23 GMT" time="269.997" errors="0">
  <testcase name="orderCreateAndDBtest" time="211.446" classname="com.torenzo.qa.testcases.VerifyOrderInTillTest"/>
  <testcase name="paymentAndDBtest" time="27.001" classname="com.torenzo.qa.testcases.VerifyOrderInTillTest"/>
  <testcase name="VerfyTillAndDBtest" time="31.550" classname="com.torenzo.qa.testcases.VerifyOrderInTillTest"/>
</testsuite> <!-- com.torenzo.qa.testcases.VerifyOrderInTillTest -->
