<?xml version="1.0" encoding="UTF-8"?>
<!-- Generated by org.testng.reporters.JUnitReportReporter -->
<testsuite skipped="0" hostname="namet5" name="com.torenzo.qa.testcases.OrderCreateAndPayThroughSeated" tests="3" failures="0" timestamp="20 Nov 2018 05:39:22 GMT" time="402.553" errors="0">
  <testcase name="orderWithTable" time="46.197" classname="com.torenzo.qa.testcases.OrderCreateAndPayThroughSeated"/>
  <testcase name="tableStrucuterVerify" time="66.998" classname="com.torenzo.qa.testcases.OrderCreateAndPayThroughSeated"/>
  <testcase name="addguestandItem" time="289.358" classname="com.torenzo.qa.testcases.OrderCreateAndPayThroughSeated"/>
</testsuite> <!-- com.torenzo.qa.testcases.OrderCreateAndPayThroughSeated -->
