<?xml version="1.0" encoding="UTF-8"?>
<!-- Generated by org.testng.reporters.JUnitReportReporter -->
<testsuite skipped="0" hostname="RahulKaelsMini2" name="com.torenzo.qa.testcases.DriverThroughPageTest" tests="4" failures="0" timestamp="23 Oct 2018 12:31:13 GMT" time="243.954" errors="0">
  <testcase name="loginApp" time="33.213" classname="com.torenzo.qa.testcases.DriverThroughPageTest"/>
  <testcase name="clickOnCreateNewOrder" time="66.528" classname="com.torenzo.qa.testcases.DriverThroughPageTest"/>
  <testcase name="selectGuestAndAddItem" time="84.443" classname="com.torenzo.qa.testcases.DriverThroughPageTest"/>
  <testcase name="splitReceiptEvenly" time="59.770" classname="com.torenzo.qa.testcases.DriverThroughPageTest"/>
</testsuite> <!-- com.torenzo.qa.testcases.DriverThroughPageTest -->
