<?xml version="1.0" encoding="UTF-8"?>
<!-- Generated by org.testng.reporters.JUnitReportReporter -->
<testsuite hostname="Torenzo" name="com.torenzo.qa.pomtest.LoginPageTest" tests="7" failures="0" timestamp="30 Oct 2019 06:50:21 GMT" time="75.515" errors="0">
  <testcase name="loginVerifyTestInvalidData1" time="9.513" classname="com.torenzo.qa.pomtest.LoginPageTest"/>
  <testcase name="loginVerifyTest" time="10.345" classname="com.torenzo.qa.pomtest.LoginPageTest"/>
  <testcase name="loginVerifyTestInvalidData4" time="8.978" classname="com.torenzo.qa.pomtest.LoginPageTest"/>
  <testcase name="VerifyDemoUrlAndCancelClick" time="28.217" classname="com.torenzo.qa.pomtest.LoginPageTest"/>
  <testcase name="loginVerifyTestInvalidData2" time="7.874" classname="com.torenzo.qa.pomtest.LoginPageTest"/>
  <testcase name="cancelVerifyTest" time="5.474" classname="com.torenzo.qa.pomtest.LoginPageTest"/>
  <testcase name="loginVerifyTestInvalidData3" time="5.114" classname="com.torenzo.qa.pomtest.LoginPageTest"/>
</testsuite> <!-- com.torenzo.qa.pomtest.LoginPageTest -->
