<?xml version="1.0" encoding="UTF-8"?>
<!-- Generated by org.testng.reporters.JUnitReportReporter -->
<<<<<<< Updated upstream
<testsuite skipped="0" hostname="namet5" name="com.torenzo.qa.testcases.TillSubmit" tests="1" failures="0" timestamp="02 Nov 2018 05:20:35 GMT" time="62.943" errors="0">
  <testcase name="tillSubmite" time="62.943" classname="com.torenzo.qa.testcases.TillSubmit"/>
=======
<testsuite skipped="0" hostname="RahulKaelsMini2" name="com.torenzo.qa.testcases.TillSubmit" tests="1" failures="0" timestamp="01 Nov 2018 04:23:24 GMT" time="88.364" errors="0">
  <testcase name="tillSubmite" time="88.364" classname="com.torenzo.qa.testcases.TillSubmit"/>
>>>>>>> Stashed changes
</testsuite> <!-- com.torenzo.qa.testcases.TillSubmit -->
