<?xml version="1.0" encoding="UTF-8"?>
<!-- Generated by org.testng.reporters.JUnitReportReporter -->
<testsuite skipped="0" hostname="RahulKaelsMini2" name="com.torenzo.qa.testcases.DriverThroughPageTest" tests="4" failures="0" timestamp="26 Nov 2018 06:13:09 GMT" time="237.818" errors="0">
  <testcase name="loginApp" time="36.069" classname="com.torenzo.qa.testcases.DriverThroughPageTest"/>
  <testcase name="clickOnCreateNewOrder" time="72.014" classname="com.torenzo.qa.testcases.DriverThroughPageTest"/>
  <testcase name="selectGuestAndAddItem" time="78.797" classname="com.torenzo.qa.testcases.DriverThroughPageTest"/>
  <testcase name="splitReceiptEvenly" time="50.938" classname="com.torenzo.qa.testcases.DriverThroughPageTest"/>
</testsuite> <!-- com.torenzo.qa.testcases.DriverThroughPageTest -->
