<?xml version="1.0" encoding="UTF-8"?>
<!-- Generated by org.testng.reporters.JUnitReportReporter -->
<testsuite skipped="0" hostname="RahulKaelsMini2" name="com.torenzo.qa.testcases.TableStructureOrderTest" tests="4" failures="0" timestamp="29 Oct 2018 07:37:59 GMT" time="482.419" errors="0">
  <testcase name="orderWithTable" time="44.228" classname="com.torenzo.qa.testcases.TableStructureOrderTest"/>
  <testcase name="tableStrucuterVerify" time="151.084" classname="com.torenzo.qa.testcases.TableStructureOrderTest"/>
  <testcase name="addguestandItem" time="170.807" classname="com.torenzo.qa.testcases.TableStructureOrderTest"/>
  <testcase name="paymentorder" time="116.300" classname="com.torenzo.qa.testcases.TableStructureOrderTest"/>
</testsuite> <!-- com.torenzo.qa.testcases.TableStructureOrderTest -->
