<?xml version="1.0" encoding="UTF-8"?>
<!-- Generated by org.testng.reporters.JUnitReportReporter -->
<testsuite skipped="0" hostname="RahulKaelsMini2" name="com.torenzo.qa.testcases.SplitReceiptMultipleOptionsTest" tests="2" failures="0" timestamp="02 Nov 2018 09:36:48 GMT" time="716.246" errors="0">
  <testcase name="TakeoutOrder" time="269.663" classname="com.torenzo.qa.testcases.SplitReceiptMultipleOptionsTest"/>
  <testcase name="payment" time="446.583" classname="com.torenzo.qa.testcases.SplitReceiptMultipleOptionsTest"/>
</testsuite> <!-- com.torenzo.qa.testcases.SplitReceiptMultipleOptionsTest -->
