<?xml version="1.0" encoding="UTF-8"?>
<!-- Generated by org.testng.reporters.JUnitReportReporter -->
<testsuite skipped="0" hostname="namet5" name="com.torenzo.qa.testcases.ItemModificationTest" tests="6" failures="0" timestamp="05 Nov 2018 08:06:37 GMT" time="470.776" errors="0">
  <testcase name="modifyorder" time="226.948" classname="com.torenzo.qa.testcases.ItemModificationTest"/>
  <testcase name="reOrder" time="12.578" classname="com.torenzo.qa.testcases.ItemModificationTest"/>
  <testcase name="modifier" time="34.908" classname="com.torenzo.qa.testcases.ItemModificationTest"/>
  <testcase name="Discount" time="85.703" classname="com.torenzo.qa.testcases.ItemModificationTest"/>
  <testcase name="Quantity" time="34.870" classname="com.torenzo.qa.testcases.ItemModificationTest"/>
  <testcase name="delete" time="75.769" classname="com.torenzo.qa.testcases.ItemModificationTest"/>
</testsuite> <!-- com.torenzo.qa.testcases.ItemModificationTest -->
