<?xml version="1.0" encoding="UTF-8"?>
<!-- Generated by org.testng.reporters.JUnitReportReporter -->
<testsuite skipped="0" hostname="namet5" name="com.torenzo.qa.testcases.ReportsTest" tests="2" failures="0" timestamp="20 Nov 2018 07:58:20 GMT" time="1635.666" errors="0">
  <testcase name="ordercreate" time="832.849" classname="com.torenzo.qa.testcases.ReportsTest"/>
  <testcase name="orderpaid" time="802.817" classname="com.torenzo.qa.testcases.ReportsTest"/>
</testsuite> <!-- com.torenzo.qa.testcases.ReportsTest -->
