<?xml version="1.0" encoding="UTF-8"?>
<!-- Generated by org.testng.reporters.JUnitReportReporter -->
<<<<<<< Updated upstream
<testsuite hostname="Torenzo" name="com.torenzo.qa.pomtest.LogoutPageTest" tests="3" failures="0" timestamp="1 Nov 2019 11:52:09 GMT" time="83.043" errors="0">
  <testcase name="LoginIntoAppTest" time="34.136" classname="com.torenzo.qa.pomtest.LogoutPageTest"/>
  <testcase name="LoginVerifyTest" time="20.646" classname="com.torenzo.qa.pomtest.LogoutPageTest"/>
  <testcase name="LogoutVerifyTest" time="28.261" classname="com.torenzo.qa.pomtest.LogoutPageTest"/>
=======
<testsuite hostname="namet5" name="com.torenzo.qa.pomtest.LogoutPageTest" tests="3" failures="0" timestamp="2 Nov 2019 11:02:21 GMT" time="86.622" errors="0">
  <testcase name="LogoutVerifyTest" time="28.850" classname="com.torenzo.qa.pomtest.LogoutPageTest"/>
  <testcase name="LoginVerifyTest" time="26.579" classname="com.torenzo.qa.pomtest.LogoutPageTest"/>
  <testcase name="LoginIntoAppTest" time="31.193" classname="com.torenzo.qa.pomtest.LogoutPageTest"/>
>>>>>>> Stashed changes
</testsuite> <!-- com.torenzo.qa.pomtest.LogoutPageTest -->
