<?xml version="1.0" encoding="UTF-8"?>
<!-- Generated by org.testng.reporters.JUnitReportReporter -->
<testsuite hostname="Torenzo" name="com.torenzo.qa.pomtest.PaymentPageNegativeTest" tests="3" failures="0" timestamp="21 Nov 2019 09:41:35 GMT" time="158.210" errors="0">
  <testcase name="verifyCancelTest" time="30.686" classname="com.torenzo.qa.pomtest.PaymentPageNegativeTest"/>
  <testcase name="paymentPageTest" time="89.003" classname="com.torenzo.qa.pomtest.PaymentPageNegativeTest"/>
  <testcase name="verfiyHomePageTest" time="38.521" classname="com.torenzo.qa.pomtest.PaymentPageNegativeTest"/>
</testsuite> <!-- com.torenzo.qa.pomtest.PaymentPageNegativeTest -->
