<?xml version="1.0" encoding="UTF-8"?>
<!-- Generated by org.testng.reporters.JUnitReportReporter -->
<testsuite hostname="namet5" name="com.torenzo.qa.pomtest.ResetPinPageTest" tests="6" failures="0" timestamp="3 Dec 2019 09:47:16 GMT" time="122.265" errors="0">
  <testcase name="verifyLockScreenWithNewPin" time="14.737" classname="com.torenzo.qa.pomtest.ResetPinPageTest"/>
  <testcase name="verifyResetPinWindowtest" time="24.310" classname="com.torenzo.qa.pomtest.ResetPinPageTest"/>
  <testcase name="verifyResetPinWithValidpinTest" time="13.232" classname="com.torenzo.qa.pomtest.ResetPinPageTest"/>
  <testcase name="LoginIntoAppTest" time="31.286" classname="com.torenzo.qa.pomtest.ResetPinPageTest"/>
  <testcase name="VerifyResetPinWithInvalidNumberTest" time="14.432" classname="com.torenzo.qa.pomtest.ResetPinPageTest"/>
  <testcase name="verifyClickOnBack" time="24.268" classname="com.torenzo.qa.pomtest.ResetPinPageTest"/>
</testsuite> <!-- com.torenzo.qa.pomtest.ResetPinPageTest -->
