<?xml version="1.0" encoding="UTF-8"?>
<!-- Generated by org.testng.reporters.JUnitReportReporter -->
<testsuite skipped="5" hostname="namet5" name="com.torenzo.qa.testcases.VerifyOrederWithNckot" tests="5" failures="0" timestamp="28 Nov 2018 06:22:38 GMT" time="0.000" errors="0">
  <testcase name="orderCreationWithNckot1" time="0.000" classname="com.torenzo.qa.testcases.VerifyOrederWithNckot">
    <skipped/>
  </testcase> <!-- orderCreationWithNckot1 -->
  <testcase name="orderPaidwithNckot" time="0.000" classname="com.torenzo.qa.testcases.VerifyOrederWithNckot">
    <skipped/>
  </testcase> <!-- orderPaidwithNckot -->
  <testcase name="OrderCreateWithNckot2" time="0.000" classname="com.torenzo.qa.testcases.VerifyOrederWithNckot">
    <skipped/>
  </testcase> <!-- OrderCreateWithNckot2 -->
  <testcase name="verifyOrderByRecjectNckot" time="0.000" classname="com.torenzo.qa.testcases.VerifyOrederWithNckot">
    <skipped/>
  </testcase> <!-- verifyOrderByRecjectNckot -->
  <testcase name="verifyOrderByRecjectNckotIntoTill" time="0.000" classname="com.torenzo.qa.testcases.VerifyOrederWithNckot">
    <skipped/>
  </testcase> <!-- verifyOrderByRecjectNckotIntoTill -->
</testsuite> <!-- com.torenzo.qa.testcases.VerifyOrederWithNckot -->
