<?xml version="1.0" encoding="UTF-8"?>
<!-- Generated by org.testng.reporters.JUnitReportReporter -->
<testsuite skipped="0" hostname="RahulKaelsMini2" name="com.torenzo.qa.testcases.PaymentPageTest" tests="4" failures="0" timestamp="22 Oct 2018 06:27:37 GMT" time="368.421" errors="0">
  <testcase name="loginApp" time="36.943" classname="com.torenzo.qa.testcases.PaymentPageTest"/>
  <testcase name="clickOnCreateNewOrder" time="36.424" classname="com.torenzo.qa.testcases.PaymentPageTest"/>
  <testcase name="addItemToOrder" time="212.952" classname="com.torenzo.qa.testcases.PaymentPageTest"/>
  <testcase name="getPaymentDone" time="82.102" classname="com.torenzo.qa.testcases.PaymentPageTest"/>
</testsuite> <!-- com.torenzo.qa.testcases.PaymentPageTest -->
