<?xml version="1.0" encoding="UTF-8"?>
<!-- Generated by org.testng.reporters.JUnitReportReporter -->
<testsuite hostname="Torenzo" name="com.torenzo.qa.pomtest.LoginPageTest" tests="1" failures="0" timestamp="22 Oct 2019 06:55:01 GMT" time="27.633" errors="0">
  <testcase name="loginVerifyTest" time="27.633" classname="com.torenzo.qa.pomtest.LoginPageTest"/>
</testsuite> <!-- com.torenzo.qa.pomtest.LoginPageTest -->
