<?xml version="1.0" encoding="UTF-8"?>
<!-- Generated by org.testng.reporters.JUnitReportReporter -->
<testsuite skipped="0" hostname="RahulKaelsMini2" name="com.torenzo.qa.testcases.SplitReceiptSingleOptionTest" tests="2" failures="0" timestamp="02 Nov 2018 09:36:48 GMT" time="193.265" errors="0">
  <testcase name="orderCreate" time="64.899" classname="com.torenzo.qa.testcases.SplitReceiptSingleOptionTest"/>
  <testcase name="payment" time="128.366" classname="com.torenzo.qa.testcases.SplitReceiptSingleOptionTest"/>
</testsuite> <!-- com.torenzo.qa.testcases.SplitReceiptSingleOptionTest -->
