<?xml version="1.0" encoding="UTF-8"?>
<!-- Generated by org.testng.reporters.JUnitReportReporter -->
<testsuite skipped="0" hostname="RahulKaelsMini2" name="com.torenzo.qa.testcases.OrderTakeOutTest" tests="2" failures="0" timestamp="03 Jan 2019 06:36:13 GMT" time="298.420" errors="0">
  <testcase name="Allitem" time="184.322" classname="com.torenzo.qa.testcases.OrderTakeOutTest"/>
  <testcase name="Payment" time="114.098" classname="com.torenzo.qa.testcases.OrderTakeOutTest"/>
</testsuite> <!-- com.torenzo.qa.testcases.OrderTakeOutTest -->
