<?xml version="1.0" encoding="UTF-8"?>
<!-- Generated by org.testng.reporters.JUnitReportReporter -->
<testsuite skipped="0" hostname="RahulKaelsMini2" name="com.torenzo.qa.testcases.SplitReceiptMultipleOptionsTest" tests="2" failures="0" timestamp="17 Dec 2018 07:32:52 GMT" time="488.562" errors="0">
  <testcase name="TakeoutOrder" time="206.187" classname="com.torenzo.qa.testcases.SplitReceiptMultipleOptionsTest"/>
  <testcase name="payment" time="282.375" classname="com.torenzo.qa.testcases.SplitReceiptMultipleOptionsTest"/>
</testsuite> <!-- com.torenzo.qa.testcases.SplitReceiptMultipleOptionsTest -->
