<?xml version="1.0" encoding="UTF-8"?>
<!-- Generated by org.testng.reporters.JUnitReportReporter -->
<testsuite skipped="0" hostname="RahulKaelsMini2" name="com.torenzo.qa.testcases.OrderPageTest" tests="3" failures="0" timestamp="11 Oct 2018 15:12:03 GMT" time="171.456" errors="0">
  <testcase name="loginApp" time="34.270" classname="com.torenzo.qa.testcases.OrderPageTest"/>
  <testcase name="clickOnCreateNewOrder" time="42.547" classname="com.torenzo.qa.testcases.OrderPageTest"/>
  <testcase name="addItemToOrder" time="94.639" classname="com.torenzo.qa.testcases.OrderPageTest"/>
</testsuite> <!-- com.torenzo.qa.testcases.OrderPageTest -->
