<?xml version="1.0" encoding="UTF-8"?>
<!-- Generated by org.testng.reporters.JUnitReportReporter -->
<<<<<<< Updated upstream
<testsuite hostname="Torenzo" name="com.torenzo.qa.pomtest.LoginPageTest" tests="7" failures="0" timestamp="1 Nov 2019 11:52:09 GMT" time="76.414" errors="0">
  <testcase name="cancelVerifyTest" time="5.122" classname="com.torenzo.qa.pomtest.LoginPageTest"/>
  <testcase name="loginVerifyTestInvalidData3" time="5.520" classname="com.torenzo.qa.pomtest.LoginPageTest"/>
  <testcase name="loginVerifyTestInvalidData1" time="8.557" classname="com.torenzo.qa.pomtest.LoginPageTest"/>
  <testcase name="VerifyDemoUrlAndCancelClick" time="29.628" classname="com.torenzo.qa.pomtest.LoginPageTest"/>
  <testcase name="loginVerifyTestInvalidData4" time="8.776" classname="com.torenzo.qa.pomtest.LoginPageTest"/>
  <testcase name="loginVerifyTest" time="10.042" classname="com.torenzo.qa.pomtest.LoginPageTest"/>
  <testcase name="loginVerifyTestInvalidData2" time="8.769" classname="com.torenzo.qa.pomtest.LoginPageTest"/>
=======
<testsuite hostname="namet5" name="com.torenzo.qa.pomtest.LoginPageTest" tests="7" failures="0" timestamp="2 Nov 2019 11:02:21 GMT" time="97.572" errors="0">
  <testcase name="loginVerifyTestInvalidData2" time="16.852" classname="com.torenzo.qa.pomtest.LoginPageTest"/>
  <testcase name="loginVerifyTest" time="15.678" classname="com.torenzo.qa.pomtest.LoginPageTest"/>
  <testcase name="loginVerifyTestInvalidData4" time="8.701" classname="com.torenzo.qa.pomtest.LoginPageTest"/>
  <testcase name="VerifyDemoUrlAndCancelClick" time="29.155" classname="com.torenzo.qa.pomtest.LoginPageTest"/>
  <testcase name="cancelVerifyTest" time="9.499" classname="com.torenzo.qa.pomtest.LoginPageTest"/>
  <testcase name="loginVerifyTestInvalidData1" time="10.969" classname="com.torenzo.qa.pomtest.LoginPageTest"/>
  <testcase name="loginVerifyTestInvalidData3" time="6.718" classname="com.torenzo.qa.pomtest.LoginPageTest"/>
>>>>>>> Stashed changes
</testsuite> <!-- com.torenzo.qa.pomtest.LoginPageTest -->
