<?xml version="1.0" encoding="UTF-8"?>
<!-- Generated by org.testng.reporters.JUnitReportReporter -->
<testsuite hostname="Torenzo" name="com.torenzo.qa.pomtest.OrderPageTest" tests="4" failures="0" timestamp="13 Nov 2019 07:29:55 GMT" time="298.136" errors="0">
  <testcase name="addItemToOrder" time="93.400" classname="com.torenzo.qa.pomtest.OrderPageTest"/>
  <testcase name="orderDiscount" time="43.613" classname="com.torenzo.qa.pomtest.OrderPageTest"/>
  <testcase name="verfiyHomePageTest" time="36.252" classname="com.torenzo.qa.pomtest.OrderPageTest"/>
  <testcase name="orderDiscountPercentTest" time="124.871" classname="com.torenzo.qa.pomtest.OrderPageTest"/>
</testsuite> <!-- com.torenzo.qa.pomtest.OrderPageTest -->
