<?xml version="1.0" encoding="UTF-8"?>
<!-- Generated by org.testng.reporters.JUnitReportReporter -->
<testsuite skipped="0" hostname="RahulKaelsMini2" name="com.torenzo.qa.testcases.OrderTakeOutTest" tests="2" failures="0" timestamp="26 Nov 2018 07:14:27 GMT" time="276.236" errors="0">
  <testcase name="Allitem" time="174.938" classname="com.torenzo.qa.testcases.OrderTakeOutTest"/>
  <testcase name="Payment" time="101.298" classname="com.torenzo.qa.testcases.OrderTakeOutTest"/>
</testsuite> <!-- com.torenzo.qa.testcases.OrderTakeOutTest -->
