<?xml version="1.0" encoding="UTF-8"?>
<!-- Generated by org.testng.reporters.JUnitReportReporter -->
<testsuite skipped="0" hostname="RahulKaelsMini2" name="com.torenzo.qa.testcases.SplitReceiptMultipleOptionsTest" tests="2" failures="0" timestamp="03 Jan 2019 06:36:13 GMT" time="489.717" errors="0">
  <testcase name="TakeoutOrder" time="188.748" classname="com.torenzo.qa.testcases.SplitReceiptMultipleOptionsTest"/>
  <testcase name="payment" time="300.969" classname="com.torenzo.qa.testcases.SplitReceiptMultipleOptionsTest"/>
</testsuite> <!-- com.torenzo.qa.testcases.SplitReceiptMultipleOptionsTest -->
