<?xml version="1.0" encoding="UTF-8"?>
<!-- Generated by org.testng.reporters.JUnitReportReporter -->
<testsuite skipped="0" hostname="namet5" name="com.torenzo.qa.testcases.TableStructureOrderTest" tests="4" failures="0" timestamp="12 Nov 2018 08:26:16 GMT" time="420.158" errors="0">
  <testcase name="orderWithTable" time="65.787" classname="com.torenzo.qa.testcases.TableStructureOrderTest"/>
  <testcase name="tableStrucuterVerify" time="80.136" classname="com.torenzo.qa.testcases.TableStructureOrderTest"/>
  <testcase name="addguestandItem" time="162.772" classname="com.torenzo.qa.testcases.TableStructureOrderTest"/>
  <testcase name="paymentorder" time="111.463" classname="com.torenzo.qa.testcases.TableStructureOrderTest"/>
</testsuite> <!-- com.torenzo.qa.testcases.TableStructureOrderTest -->
