<?xml version="1.0" encoding="UTF-8"?>
<!-- Generated by org.testng.reporters.JUnitReportReporter -->
<testsuite skipped="0" hostname="RahulKaelsMini2" name="com.torenzo.qa.testcases.TableStructureOrderTest" tests="4" failures="0" timestamp="26 Nov 2018 07:14:27 GMT" time="466.153" errors="0">
  <testcase name="orderWithTable" time="41.934" classname="com.torenzo.qa.testcases.TableStructureOrderTest"/>
  <testcase name="tableStrucuterVerify" time="165.042" classname="com.torenzo.qa.testcases.TableStructureOrderTest"/>
  <testcase name="addguestandItem" time="156.117" classname="com.torenzo.qa.testcases.TableStructureOrderTest"/>
  <testcase name="paymentorder" time="103.060" classname="com.torenzo.qa.testcases.TableStructureOrderTest"/>
</testsuite> <!-- com.torenzo.qa.testcases.TableStructureOrderTest -->
