<?xml version="1.0" encoding="UTF-8"?>
<!-- Generated by org.testng.reporters.JUnitReportReporter -->
<testsuite hostname="Torenzo" name="com.torenzo.qa.pomtest.GuestPageTest" tests="10" failures="0" timestamp="1 Nov 2019 11:52:09 GMT" time="221.356" errors="0">
  <testcase name="addNightinGuestTest" time="32.232" classname="com.torenzo.qa.pomtest.GuestPageTest"/>
  <testcase name="addMoreGuestTest" time="7.482" classname="com.torenzo.qa.pomtest.GuestPageTest"/>
  <testcase name="zeroGuestWindowTest" time="6.946" classname="com.torenzo.qa.pomtest.GuestPageTest"/>
  <testcase name="deleteGuestFromOrderByLongPressTest" time="41.645" classname="com.torenzo.qa.pomtest.GuestPageTest"/>
  <testcase name="cancelGuestWindowTest" time="25.641" classname="com.torenzo.qa.pomtest.GuestPageTest"/>
  <testcase name="addGuestToOrder" time="33.442" classname="com.torenzo.qa.pomtest.GuestPageTest"/>
  <testcase name="deleteGuestFromOrderTest" time="6.137" classname="com.torenzo.qa.pomtest.GuestPageTest"/>
  <testcase name="addOneGuestTest" time="29.685" classname="com.torenzo.qa.pomtest.GuestPageTest"/>
  <testcase name="deleteGuestWindowTest" time="4.359" classname="com.torenzo.qa.pomtest.GuestPageTest"/>
  <testcase name="verfiyHomePageTest" time="33.787" classname="com.torenzo.qa.pomtest.GuestPageTest"/>
</testsuite> <!-- com.torenzo.qa.pomtest.GuestPageTest -->
