<?xml version="1.0" encoding="UTF-8"?>
<!-- Generated by org.testng.reporters.JUnitReportReporter -->
<testsuite skipped="0" hostname="RahulKaelsMini2" name="com.torenzo.qa.testcases.OrderTakeOutTest" tests="2" failures="0" timestamp="17 Dec 2018 07:32:52 GMT" time="287.715" errors="0">
  <testcase name="Allitem" time="178.439" classname="com.torenzo.qa.testcases.OrderTakeOutTest"/>
  <testcase name="Payment" time="109.276" classname="com.torenzo.qa.testcases.OrderTakeOutTest"/>
</testsuite> <!-- com.torenzo.qa.testcases.OrderTakeOutTest -->
