<?xml version="1.0" encoding="UTF-8"?>
<!-- Generated by org.testng.reporters.JUnitReportReporter -->
<testsuite skipped="1" hostname="RahulKaelsMini2" name="com.torenzo.qa.testcases.AddMultipleItemTest" tests="1" failures="0" timestamp="21 Feb 2019 12:49:05 GMT" time="0.000" errors="0">
  <testcase name="TakeoutOrder" time="0.000" classname="com.torenzo.qa.testcases.AddMultipleItemTest">
    <skipped/>
  </testcase> <!-- TakeoutOrder -->
</testsuite> <!-- com.torenzo.qa.testcases.AddMultipleItemTest -->
