<?xml version="1.0" encoding="UTF-8"?>
<!-- Generated by org.testng.reporters.JUnitReportReporter -->
<testsuite skipped="0" hostname="namet5" name="com.torenzo.qa.testcases.VerifyOrderInSuspendedList" tests="2" failures="0" timestamp="13 Nov 2018 07:28:57 GMT" time="880.351" errors="0">
  <testcase name="OrderCreateAndLoadTest" time="163.535" classname="com.torenzo.qa.testcases.VerifyOrderInSuspendedList"/>
  <testcase name="loadOrderFromSuspendedListTest" time="716.816" classname="com.torenzo.qa.testcases.VerifyOrderInSuspendedList"/>
</testsuite> <!-- com.torenzo.qa.testcases.VerifyOrderInSuspendedList -->
