<?xml version="1.0" encoding="UTF-8"?>
<!-- Generated by org.testng.reporters.JUnitReportReporter -->
<<<<<<< Updated upstream
<testsuite hostname="Torenzo" name="com.torenzo.qa.pomtest.HomePageTest" tests="1" failures="0" timestamp="24 Oct 2019 05:43:54 GMT" time="74.657" errors="0">
  <testcase name="verfiyHomePageTest" time="74.657" classname="com.torenzo.qa.pomtest.HomePageTest"/>
=======
<testsuite hostname="namet5" name="com.torenzo.qa.pomtest.HomePageTest" tests="1" failures="0" timestamp="22 Oct 2019 11:27:20 GMT" time="66.361" errors="0">
  <testcase name="verfiyHomePageTest" time="66.361" classname="com.torenzo.qa.pomtest.HomePageTest"/>
>>>>>>> Stashed changes
</testsuite> <!-- com.torenzo.qa.pomtest.HomePageTest -->
