<?xml version="1.0" encoding="UTF-8"?>
<!-- Generated by org.testng.reporters.JUnitReportReporter -->
<testsuite hostname="namet5" name="com.torenzo.qa.pomtest.LoginPageTest" tests="7" failures="0" timestamp="24 Oct 2019 06:24:15 GMT" time="92.387" errors="0">
  <testcase name="loginVerifyTestInvalidData2" time="11.156" classname="com.torenzo.qa.pomtest.LoginPageTest"/>
  <testcase name="cancelVerifyTest" time="8.851" classname="com.torenzo.qa.pomtest.LoginPageTest"/>
  <testcase name="loginVerifyTestInvalidData3" time="7.265" classname="com.torenzo.qa.pomtest.LoginPageTest"/>
  <testcase name="loginVerifyTest" time="16.734" classname="com.torenzo.qa.pomtest.LoginPageTest"/>
  <testcase name="loginVerifyTestInvalidData1" time="10.901" classname="com.torenzo.qa.pomtest.LoginPageTest"/>
  <testcase name="VerifyDemoUrlAndCancelClick" time="28.596" classname="com.torenzo.qa.pomtest.LoginPageTest"/>
  <testcase name="loginVerifyTestInvalidData4" time="8.884" classname="com.torenzo.qa.pomtest.LoginPageTest"/>
</testsuite> <!-- com.torenzo.qa.pomtest.LoginPageTest -->
