<?xml version="1.0" encoding="UTF-8"?>
<!-- Generated by org.testng.reporters.JUnitReportReporter -->
<testsuite hostname="namet5" name="com.torenzo.qa.pomtest.LogoutPageTest" tests="3" failures="0" timestamp="27 Nov 2019 12:56:44 GMT" time="162.401" errors="0">
  <testcase name="LogoutVerifyTest" time="64.147" classname="com.torenzo.qa.pomtest.LogoutPageTest"/>
  <testcase name="LoginVerifyTest" time="64.707" classname="com.torenzo.qa.pomtest.LogoutPageTest"/>
  <testcase name="LoginIntoAppTest" time="33.547" classname="com.torenzo.qa.pomtest.LogoutPageTest"/>
</testsuite> <!-- com.torenzo.qa.pomtest.LogoutPageTest -->
