<?xml version="1.0" encoding="UTF-8"?>
<!-- Generated by org.testng.reporters.JUnitReportReporter -->
<testsuite hostname="Torenzo" name="com.torenzo.qa.pomtest.LogoutPageTest" tests="3" failures="0" timestamp="1 Nov 2019 11:52:09 GMT" time="83.043" errors="0">
  <testcase name="LoginIntoAppTest" time="34.136" classname="com.torenzo.qa.pomtest.LogoutPageTest"/>
  <testcase name="LoginVerifyTest" time="20.646" classname="com.torenzo.qa.pomtest.LogoutPageTest"/>
  <testcase name="LogoutVerifyTest" time="28.261" classname="com.torenzo.qa.pomtest.LogoutPageTest"/>
</testsuite> <!-- com.torenzo.qa.pomtest.LogoutPageTest -->
