<?xml version="1.0" encoding="UTF-8"?>
<!-- Generated by org.testng.reporters.JUnitReportReporter -->
<testsuite skipped="0" hostname="RahulKaelsMini2" name="com.torenzo.qa.testcases.AddMultipleItemTest" tests="1" failures="0" timestamp="26 Nov 2018 07:14:27 GMT" time="605.187" errors="0">
  <testcase name="TakeoutOrder" time="605.187" classname="com.torenzo.qa.testcases.AddMultipleItemTest"/>
</testsuite> <!-- com.torenzo.qa.testcases.AddMultipleItemTest -->
