<?xml version="1.0" encoding="UTF-8"?>
<!-- Generated by org.testng.reporters.JUnitReportReporter -->
<testsuite skipped="0" hostname="RahulKaelsMini2" name="com.torenzo.qa.testcases.PaymentPageTest" tests="4" failures="0" timestamp="23 Nov 2018 09:06:12 GMT" time="362.025" errors="0">
  <testcase name="loginApp" time="42.687" classname="com.torenzo.qa.testcases.PaymentPageTest"/>
  <testcase name="clickOnCreateNewOrder" time="37.912" classname="com.torenzo.qa.testcases.PaymentPageTest"/>
  <testcase name="addItemToOrder" time="213.495" classname="com.torenzo.qa.testcases.PaymentPageTest"/>
  <testcase name="getPaymentDone" time="67.931" classname="com.torenzo.qa.testcases.PaymentPageTest"/>
</testsuite> <!-- com.torenzo.qa.testcases.PaymentPageTest -->
