<?xml version="1.0" encoding="UTF-8"?>
<!-- Generated by org.testng.reporters.JUnitReportReporter -->
<testsuite skipped="0" hostname="RahulKaelsMini2" name="com.torenzo.qa.testcases.TransactionOrderPageTest" tests="4" failures="0" timestamp="11 Oct 2018 05:53:44 GMT" time="71.207" errors="0">
  <testcase name="loginApp" time="18.673" classname="com.torenzo.qa.testcases.TransactionOrderPageTest"/>
  <testcase name="verifyTitleOfLogin" time="16.458" classname="com.torenzo.qa.testcases.TransactionOrderPageTest"/>
  <testcase name="verifyPermissionPopup" time="5.892" classname="com.torenzo.qa.testcases.TransactionOrderPageTest"/>
  <testcase name="clickOnCreateNewOrder" time="30.184" classname="com.torenzo.qa.testcases.TransactionOrderPageTest"/>
</testsuite> <!-- com.torenzo.qa.testcases.TransactionOrderPageTest -->
