<?xml version="1.0" encoding="UTF-8"?>
<!-- Generated by org.testng.reporters.JUnitReportReporter -->
<testsuite skipped="0" hostname="namet5" name="com.torenzo.qa.testcases.VerifyOrederWithNckot" tests="5" failures="0" timestamp="20 Nov 2018 07:58:20 GMT" time="655.652" errors="0">
  <testcase name="orderCreationWithNckot1" time="76.392" classname="com.torenzo.qa.testcases.VerifyOrederWithNckot"/>
  <testcase name="orderPaidwithNckot" time="103.256" classname="com.torenzo.qa.testcases.VerifyOrederWithNckot"/>
  <testcase name="OrderCreateWithNckot2" time="77.390" classname="com.torenzo.qa.testcases.VerifyOrederWithNckot"/>
  <testcase name="verifyOrderByRecjectNckot" time="225.930" classname="com.torenzo.qa.testcases.VerifyOrederWithNckot"/>
  <testcase name="verifyOrderByRecjectNckotIntoTill" time="172.684" classname="com.torenzo.qa.testcases.VerifyOrederWithNckot"/>
</testsuite> <!-- com.torenzo.qa.testcases.VerifyOrederWithNckot -->
