<?xml version="1.0" encoding="UTF-8"?>
<!-- Generated by org.testng.reporters.JUnitReportReporter -->
<testsuite skipped="0" hostname="namet5" name="com.torenzo.qa.testcases.VerifyOrderInSuspendedList" tests="1" failures="0" timestamp="01 Nov 2018 07:56:12 GMT" time="31.178" errors="0">
  <testcase name="OrderCreateAndLoadTest" time="31.178" classname="com.torenzo.qa.testcases.VerifyOrderInSuspendedList"/>
</testsuite> <!-- com.torenzo.qa.testcases.VerifyOrderInSuspendedList -->
