<?xml version="1.0" encoding="UTF-8"?>
<!-- Generated by org.testng.reporters.JUnitReportReporter -->
<testsuite skipped="0" hostname="RahulKaelsMini2" name="com.torenzo.qa.testcases.AddMultipleItemTest" tests="1" failures="0" timestamp="02 Nov 2018 09:36:48 GMT" time="1073.579" errors="0">
  <testcase name="TakeoutOrder" time="1073.579" classname="com.torenzo.qa.testcases.AddMultipleItemTest"/>
</testsuite> <!-- com.torenzo.qa.testcases.AddMultipleItemTest -->
