<?xml version="1.0" encoding="UTF-8"?>
<!-- Generated by org.testng.reporters.JUnitReportReporter -->
<testsuite hostname="namet5" name="com.torenzo.qa.pomtest.PaymentPageNegativeTest" tests="3" failures="0" timestamp="26 Oct 2019 07:21:53 GMT" time="121.716" errors="0">
  <testcase name="verfiyHomePageTest" time="32.196" classname="com.torenzo.qa.pomtest.PaymentPageNegativeTest"/>
  <testcase name="verifyCancelTest" time="18.453" classname="com.torenzo.qa.pomtest.PaymentPageNegativeTest"/>
  <testcase name="paymentPageTest" time="71.067" classname="com.torenzo.qa.pomtest.PaymentPageNegativeTest"/>
</testsuite> <!-- com.torenzo.qa.pomtest.PaymentPageNegativeTest -->
