<?xml version="1.0" encoding="UTF-8"?>
<!-- Generated by org.testng.reporters.JUnitReportReporter -->
<testsuite hostname="namet5" name="com.torenzo.qa.pomtest.HomePageTest" tests="1" failures="0" timestamp="24 Oct 2019 10:45:51 GMT" time="74.031" errors="0">
  <testcase name="verfiyHomePageTest" time="74.031" classname="com.torenzo.qa.pomtest.HomePageTest"/>
</testsuite> <!-- com.torenzo.qa.pomtest.HomePageTest -->
