<?xml version="1.0" encoding="UTF-8"?>
<!-- Generated by org.testng.reporters.JUnitReportReporter -->
<testsuite skipped="6" hostname="RahulKaelsMini2" name="com.torenzo.qa.testcases.ItemModificationTest" tests="6" failures="0" timestamp="21 Feb 2019 12:49:05 GMT" time="0.000" errors="0">
  <testcase name="modifyorder" time="0.000" classname="com.torenzo.qa.testcases.ItemModificationTest">
    <skipped/>
  </testcase> <!-- modifyorder -->
  <testcase name="modifier" time="0.000" classname="com.torenzo.qa.testcases.ItemModificationTest">
    <skipped/>
  </testcase> <!-- modifier -->
  <testcase name="reOrder" time="0.000" classname="com.torenzo.qa.testcases.ItemModificationTest">
    <skipped/>
  </testcase> <!-- reOrder -->
  <testcase name="Discount" time="0.000" classname="com.torenzo.qa.testcases.ItemModificationTest">
    <skipped/>
  </testcase> <!-- Discount -->
  <testcase name="Quantity" time="0.000" classname="com.torenzo.qa.testcases.ItemModificationTest">
    <skipped/>
  </testcase> <!-- Quantity -->
  <testcase name="delete" time="0.000" classname="com.torenzo.qa.testcases.ItemModificationTest">
    <skipped/>
  </testcase> <!-- delete -->
</testsuite> <!-- com.torenzo.qa.testcases.ItemModificationTest -->
