<?xml version="1.0" encoding="UTF-8"?>
<!-- Generated by org.testng.reporters.JUnitReportReporter -->
<testsuite skipped="0" hostname="namet5" name="com.torenzo.qa.testcases.SwappingItemTest" tests="1" failures="0" timestamp="01 Nov 2018 08:30:35 GMT" time="402.350" errors="0">
  <testcase name="swapitem" time="402.350" classname="com.torenzo.qa.testcases.SwappingItemTest"/>
</testsuite> <!-- com.torenzo.qa.testcases.SwappingItemTest -->
