<?xml version="1.0" encoding="UTF-8"?>
<!-- Generated by org.testng.reporters.JUnitReportReporter -->
<testsuite hostname="namet5" name="com.torenzo.qa.pomtest.HomePageTest" tests="1" failures="0" timestamp="26 Oct 2019 07:21:53 GMT" time="61.525" errors="0">
  <testcase name="verfiyHomePageTest" time="61.525" classname="com.torenzo.qa.pomtest.HomePageTest"/>
</testsuite> <!-- com.torenzo.qa.pomtest.HomePageTest -->
