<?xml version="1.0" encoding="UTF-8"?>
<!-- Generated by org.testng.reporters.JUnitReportReporter -->
<testsuite skipped="0" hostname="RahulKaelsMini2" name="com.torenzo.qa.testcases.SplitReceiptSingleOptionTest" tests="2" failures="0" timestamp="26 Nov 2018 07:14:27 GMT" time="184.598" errors="0">
  <testcase name="orderCreate" time="67.756" classname="com.torenzo.qa.testcases.SplitReceiptSingleOptionTest"/>
  <testcase name="payment" time="116.842" classname="com.torenzo.qa.testcases.SplitReceiptSingleOptionTest"/>
</testsuite> <!-- com.torenzo.qa.testcases.SplitReceiptSingleOptionTest -->
