<?xml version="1.0" encoding="UTF-8"?>
<!-- Generated by org.testng.reporters.JUnitReportReporter -->
<testsuite hostname="Torenzo" name="com.torenzo.qa.pomtest.ReloadPageTest" tests="4" failures="0" timestamp="25 Nov 2019 07:30:24 GMT" time="122.595" errors="0">
  <testcase name="realodTableTest" time="29.980" classname="com.torenzo.qa.pomtest.ReloadPageTest"/>
  <testcase name="verfiyHomePageTest" time="34.665" classname="com.torenzo.qa.pomtest.ReloadPageTest"/>
  <testcase name="reloadItemsTest" time="29.243" classname="com.torenzo.qa.pomtest.ReloadPageTest"/>
  <testcase name="itemImagesTest" time="28.707" classname="com.torenzo.qa.pomtest.ReloadPageTest"/>
</testsuite> <!-- com.torenzo.qa.pomtest.ReloadPageTest -->
