<?xml version="1.0" encoding="UTF-8"?>
<!-- Generated by org.testng.reporters.JUnitReportReporter -->
<testsuite hostname="Torenzo" name="com.torenzo.qa.pomtest.EditOrderPageTest" tests="3" failures="0" timestamp="29 Nov 2019 07:22:59 GMT" time="192.324" errors="0">
  <testcase name="paymentPageTest" time="99.189" classname="com.torenzo.qa.pomtest.EditOrderPageTest"/>
  <testcase name="editPageTest" time="53.884" classname="com.torenzo.qa.pomtest.EditOrderPageTest"/>
  <testcase name="verfiyHomePageTest" time="39.251" classname="com.torenzo.qa.pomtest.EditOrderPageTest"/>
</testsuite> <!-- com.torenzo.qa.pomtest.EditOrderPageTest -->
