<?xml version="1.0" encoding="UTF-8"?>
<!-- Generated by org.testng.reporters.JUnitReportReporter -->
<testsuite hostname="namet5" name="com.torenzo.qa.pomtest.OrderPageTest" tests="2" failures="0" timestamp="26 Oct 2019 07:21:53 GMT" time="105.981" errors="0">
  <testcase name="verfiyHomePageTest" time="32.289" classname="com.torenzo.qa.pomtest.OrderPageTest"/>
  <testcase name="addItemToOrder" time="73.692" classname="com.torenzo.qa.pomtest.OrderPageTest"/>
</testsuite> <!-- com.torenzo.qa.pomtest.OrderPageTest -->
