<?xml version="1.0" encoding="UTF-8"?>
<!-- Generated by org.testng.reporters.JUnitReportReporter -->
<testsuite hostname="Torenzo" name="com.torenzo.qa.pomtest.TableStructurePageTest" tests="4" failures="0" timestamp="20 Nov 2019 06:22:00 GMT" time="129.115" errors="0">
  <testcase name="searchFormEmptyTableNegativeTest" time="35.368" classname="com.torenzo.qa.pomtest.TableStructurePageTest"/>
  <testcase name="verfiyHomePageTest" time="33.902" classname="com.torenzo.qa.pomtest.TableStructurePageTest"/>
  <testcase name="verfiyTableIconTest" time="35.024" classname="com.torenzo.qa.pomtest.TableStructurePageTest"/>
  <testcase name="searchFormEmptyTableTest1" time="24.821" classname="com.torenzo.qa.pomtest.TableStructurePageTest"/>
</testsuite> <!-- com.torenzo.qa.pomtest.TableStructurePageTest -->
