<?xml version="1.0" encoding="UTF-8"?>
<!-- Generated by org.testng.reporters.JUnitReportReporter -->
<testsuite skipped="0" hostname="namet5" name="com.torenzo.qa.testcases.ReservationTest" tests="3" failures="0" timestamp="20 Nov 2018 06:42:34 GMT" time="904.097" errors="0">
  <testcase name="verifyTableViewIcon" time="46.637" classname="com.torenzo.qa.testcases.ReservationTest"/>
  <testcase name="verifyReservation" time="437.262" classname="com.torenzo.qa.testcases.ReservationTest"/>
  <testcase name="reservationTransfer" time="420.198" classname="com.torenzo.qa.testcases.ReservationTest"/>
</testsuite> <!-- com.torenzo.qa.testcases.ReservationTest -->
