<?xml version="1.0" encoding="UTF-8"?>
<!-- Generated by org.testng.reporters.JUnitReportReporter -->
<testsuite hostname="Torenzo" name="com.torenzo.qa.pomtest.HomePageTest" tests="1" failures="0" timestamp="1 Nov 2019 11:52:09 GMT" time="63.289" errors="0">
  <testcase name="verfiyHomePageTest" time="63.289" classname="com.torenzo.qa.pomtest.HomePageTest"/>
</testsuite> <!-- com.torenzo.qa.pomtest.HomePageTest -->
