<?xml version="1.0" encoding="UTF-8"?>
<!-- Generated by org.testng.reporters.JUnitReportReporter -->
<testsuite hostname="namet5" name="com.torenzo.qa.pomtest.SuspendedOrderListTest" tests="10" failures="0" timestamp="23 Nov 2019 09:56:27 GMT" time="230.144" errors="0">
  <testcase name="verfiyHomePageTest" time="33.994" classname="com.torenzo.qa.pomtest.SuspendedOrderListTest"/>
  <testcase name="verify" time="0.002" classname="com.torenzo.qa.pomtest.SuspendedOrderListTest"/>
  <testcase name="OrderListPageTest" time="113.737" classname="com.torenzo.qa.pomtest.SuspendedOrderListTest"/>
  <testcase name="SearchBoxInSuspendedListTest" time="20.050" classname="com.torenzo.qa.pomtest.SuspendedOrderListTest"/>
  <testcase name="VerifyOrderInOrderListTest" time="53.264" classname="com.torenzo.qa.pomtest.SuspendedOrderListTest"/>
  <testcase name="orderListSortByCostTest" time="4.147" classname="com.torenzo.qa.pomtest.SuspendedOrderListTest"/>
  <testcase name="getItemDetails" time="0.379" classname="com.torenzo.qa.pomtest.SuspendedOrderListTest"/>
  <testcase name="verifyitemDataFromReceiptwithDB" time="0.464" classname="com.torenzo.qa.pomtest.SuspendedOrderListTest"/>
  <testcase name="orderListSortByOrderNoTest" time="3.462" classname="com.torenzo.qa.pomtest.SuspendedOrderListTest"/>
  <testcase name="verifyitemDatawithDB" time="0.645" classname="com.torenzo.qa.pomtest.SuspendedOrderListTest"/>
</testsuite> <!-- com.torenzo.qa.pomtest.SuspendedOrderListTest -->
