<?xml version="1.0" encoding="UTF-8"?>
<!-- Generated by org.testng.reporters.JUnitReportReporter -->
<testsuite skipped="0" hostname="RahulKaelsMini2" name="com.torenzo.qa.testcases.VoidRefundTest" tests="1" failures="0" timestamp="03 Oct 2018 11:59:43 GMT" time="35.644" errors="0">
  <testcase name="voidOrder" time="35.644" classname="com.torenzo.qa.testcases.VoidRefundTest"/>
</testsuite> <!-- com.torenzo.qa.testcases.VoidRefundTest -->
