<?xml version="1.0" encoding="UTF-8"?>
<!-- Generated by org.testng.reporters.JUnitReportReporter -->
<testsuite hostname="namet5" name="com.torenzo.qa.pomtest.ResetPwdPageTest" tests="5" failures="0" timestamp="4 Dec 2019 08:08:30 GMT" time="114.384" errors="0">
  <testcase name="ResetPwdWithValidPwd" time="10.308" classname="com.torenzo.qa.pomtest.ResetPwdPageTest"/>
  <testcase name="ResetPwdWithInvalidPwd" time="10.849" classname="com.torenzo.qa.pomtest.ResetPwdPageTest"/>
  <testcase name="ResetPwdAndLogin" time="35.540" classname="com.torenzo.qa.pomtest.ResetPwdPageTest"/>
  <testcase name="verifyResetPsdWindow" time="26.073" classname="com.torenzo.qa.pomtest.ResetPwdPageTest"/>
  <testcase name="LoginIntoAppTest" time="31.614" classname="com.torenzo.qa.pomtest.ResetPwdPageTest"/>
</testsuite> <!-- com.torenzo.qa.pomtest.ResetPwdPageTest -->
