<?xml version="1.0" encoding="UTF-8"?>
<!-- Generated by org.testng.reporters.JUnitReportReporter -->
<testsuite skipped="0" hostname="RahulKaelsMini2" name="com.torenzo.qa.testcases.CombineWithTwoGroupTest" tests="7" failures="0" timestamp="20 Nov 2018 06:31:27 GMT" time="624.201" errors="0">
  <testcase name="createOrderAndtabOnCombine" time="275.020" classname="com.torenzo.qa.testcases.CombineWithTwoGroupTest"/>
  <testcase name="searchOrder" time="183.717" classname="com.torenzo.qa.testcases.CombineWithTwoGroupTest"/>
  <testcase name="createGroup" time="10.494" classname="com.torenzo.qa.testcases.CombineWithTwoGroupTest"/>
  <testcase name="moveGuestToGroup" time="50.964" classname="com.torenzo.qa.testcases.CombineWithTwoGroupTest"/>
  <testcase name="createTask" time="7.633" classname="com.torenzo.qa.testcases.CombineWithTwoGroupTest"/>
  <testcase name="selectTaskFromList" time="11.349" classname="com.torenzo.qa.testcases.CombineWithTwoGroupTest"/>
  <testcase name="payment" time="85.024" classname="com.torenzo.qa.testcases.CombineWithTwoGroupTest"/>
</testsuite> <!-- com.torenzo.qa.testcases.CombineWithTwoGroupTest -->
