<?xml version="1.0" encoding="UTF-8"?>
<!-- Generated by org.testng.reporters.JUnitReportReporter -->
<testsuite skipped="0" hostname="namet5" name="com.torenzo.qa.testcases.VerifyOrderInSuspendedList" tests="2" failures="0" timestamp="20 Nov 2018 05:39:22 GMT" time="196.058" errors="0">
  <testcase name="OrderCreateAndLoadTest" time="76.635" classname="com.torenzo.qa.testcases.VerifyOrderInSuspendedList"/>
  <testcase name="loadOrderFromSuspendedListTest" time="119.423" classname="com.torenzo.qa.testcases.VerifyOrderInSuspendedList"/>
</testsuite> <!-- com.torenzo.qa.testcases.VerifyOrderInSuspendedList -->
