<?xml version="1.0" encoding="UTF-8"?>
<!-- Generated by org.testng.reporters.JUnitReportReporter -->
<testsuite skipped="0" hostname="RahulKaelsMini2" name="com.torenzo.qa.testcases.AddMultipleItemTest" tests="1" failures="0" timestamp="03 Jan 2019 06:36:13 GMT" time="630.705" errors="0">
  <testcase name="TakeoutOrder" time="630.705" classname="com.torenzo.qa.testcases.AddMultipleItemTest"/>
</testsuite> <!-- com.torenzo.qa.testcases.AddMultipleItemTest -->
