<?xml version="1.0" encoding="UTF-8"?>
<!-- Generated by org.testng.reporters.JUnitReportReporter -->
<testsuite skipped="0" hostname="RahulKaelsMini2" name="com.torenzo.qa.testcases.TableStructurePageTest" tests="4" failures="0" timestamp="29 Oct 2018 06:33:33 GMT" time="451.042" errors="0">
  <testcase name="loginApp" time="67.386" classname="com.torenzo.qa.testcases.TableStructurePageTest"/>
  <testcase name="validateTableStrucutre" time="23.344" classname="com.torenzo.qa.testcases.TableStructurePageTest"/>
  <testcase name="selectEmptyTable" time="319.409" classname="com.torenzo.qa.testcases.TableStructurePageTest"/>
  <testcase name="getPaymentDone" time="40.903" classname="com.torenzo.qa.testcases.TableStructurePageTest"/>
</testsuite> <!-- com.torenzo.qa.testcases.TableStructurePageTest -->
