<?xml version="1.0" encoding="UTF-8"?>
<!-- Generated by org.testng.reporters.JUnitReportReporter -->
<testsuite hostname="Torenzo" name="com.torenzo.qa.pomtest.PaymentPageNegativeTest" tests="3" failures="0" timestamp="30 Oct 2019 06:50:21 GMT" time="146.794" errors="0">
  <testcase name="verfiyHomePageTest" time="35.337" classname="com.torenzo.qa.pomtest.PaymentPageNegativeTest"/>
  <testcase name="verifyCancelTest" time="22.847" classname="com.torenzo.qa.pomtest.PaymentPageNegativeTest"/>
  <testcase name="paymentPageTest" time="88.610" classname="com.torenzo.qa.pomtest.PaymentPageNegativeTest"/>
</testsuite> <!-- com.torenzo.qa.pomtest.PaymentPageNegativeTest -->
