<?xml version="1.0" encoding="UTF-8"?>
<!-- Generated by org.testng.reporters.JUnitReportReporter -->
<testsuite skipped="0" hostname="namet5" name="com.torenzo.qa.testcases.VerifyOrderInTillTest" tests="3" failures="0" timestamp="20 Nov 2018 05:39:22 GMT" time="148.814" errors="0">
  <testcase name="orderCreateAndDBtest" time="88.360" classname="com.torenzo.qa.testcases.VerifyOrderInTillTest"/>
  <testcase name="paymentAndDBtest" time="25.954" classname="com.torenzo.qa.testcases.VerifyOrderInTillTest"/>
  <testcase name="VerfyTillAndDBtest" time="34.500" classname="com.torenzo.qa.testcases.VerifyOrderInTillTest"/>
</testsuite> <!-- com.torenzo.qa.testcases.VerifyOrderInTillTest -->
