<?xml version="1.0" encoding="UTF-8"?>
<!-- Generated by org.testng.reporters.JUnitReportReporter -->
<testsuite skipped="0" hostname="RahulKaelsMini2" name="com.torenzo.qa.testcases.SplitReceiptSingleOptionTest" tests="2" failures="0" timestamp="17 Dec 2018 07:32:52 GMT" time="180.575" errors="0">
  <testcase name="orderCreate" time="65.559" classname="com.torenzo.qa.testcases.SplitReceiptSingleOptionTest"/>
  <testcase name="payment" time="115.016" classname="com.torenzo.qa.testcases.SplitReceiptSingleOptionTest"/>
</testsuite> <!-- com.torenzo.qa.testcases.SplitReceiptSingleOptionTest -->
